[2021-09-26 11:13:01,859] multiqc                                            [DEBUG  ]  This is MultiQC v1.11+computecanada
[2021-09-26 11:13:01,859] multiqc                                            [DEBUG  ]  No MultiQC config found: /home/ssutclif/.local/lib/python3.8/site-packages/multiqc_config.yaml
[2021-09-26 11:13:01,860] multiqc                                            [DEBUG  ]  No MultiQC config found: /home/ssutclif/.multiqc_config.yaml
[2021-09-26 11:13:01,860] multiqc                                            [DEBUG  ]  No MultiQC config found: multiqc_config.yaml
[2021-09-26 11:13:01,860] multiqc                                            [DEBUG  ]  Command used: /home/ssutclif/.local/bin/multiqc 1_Assembled_Contigs/quast_results/results_IndA 1_Assembled_Contigs/quast_results/results_IndB 1_Assembled_Contigs/quast_results/results_IndC 1_Assembled_Contigs/quast_results/results_IndD 1_Assembled_Contigs/quast_results/results_IndE 1_Assembled_Contigs/quast_results/results_IndF 1_Assembled_Contigs/quast_results/results_IndG 1_Assembled_Contigs/quast_results/results_IndH 1_Assembled_Contigs/quast_results/results_IndI 1_Assembled_Contigs/quast_results/results_IndJ -n assembly_multiqc_report.html -o 1_Assembled_Contigs/quast_results/ -p
[2021-09-26 11:13:03,074] multiqc                                            [DEBUG  ]  Latest MultiQC version is v1.11
[2021-09-26 11:13:03,075] multiqc                                            [DEBUG  ]  Command     : /home/ssutclif/.local/bin/multiqc 1_Assembled_Contigs/quast_results/results_IndA 1_Assembled_Contigs/quast_results/results_IndB 1_Assembled_Contigs/quast_results/results_IndC 1_Assembled_Contigs/quast_results/results_IndD 1_Assembled_Contigs/quast_results/results_IndE 1_Assembled_Contigs/quast_results/results_IndF 1_Assembled_Contigs/quast_results/results_IndG 1_Assembled_Contigs/quast_results/results_IndH 1_Assembled_Contigs/quast_results/results_IndI 1_Assembled_Contigs/quast_results/results_IndJ -n assembly_multiqc_report.html -o 1_Assembled_Contigs/quast_results/ -p
[2021-09-26 11:13:03,075] multiqc                                            [DEBUG  ]  Working dir : /project/6003890/ssutclif/temp_storage/Third_Aim/2_BacterialAnalysis
[2021-09-26 11:13:03,075] multiqc                                            [DEBUG  ]  Template    : default
[2021-09-26 11:13:03,075] multiqc                                            [DEBUG  ]  Running Python 3.8.10 (default, Jun 16 2021, 14:20:20)  [GCC 9.3.0]
[2021-09-26 11:13:03,076] multiqc                                            [DEBUG  ]  Analysing modules: custom_content, ccs, ngsderive, purple, conpair, lima, peddy, somalier, methylQA, mosdepth, phantompeakqualtools, qualimap, preseq, quast, qorts, rna_seqc, rockhopper, rsem, rseqc, busco, bustools, goleft_indexcov, gffcompare, disambiguate, supernova, deeptools, sargasso, verifybamid, mirtrace, happy, mirtop, sambamba, homer, hops, macs2, theta2, snpeff, gatk, htseq, bcftools, featureCounts, fgbio, dragen, dedup, damageprofiler, biobambam2, jcvi, mtnucratio, picard, vep, sentieon, prokka, qc3C, nanostat, samblaster, samtools, sexdeterrmine, eigenstratdatabasetools, bamtools, jellyfish, vcftools, longranger, stacks, varscan2, snippy, bbmap, bismark, biscuit, hicexplorer, hicup, hicpro, salmon, kallisto, slamdunk, star, hisat2, tophat, bowtie2, bowtie1, snpsplit, odgi, pangolin, kat, leehom, adapterRemoval, clipandmerge, cutadapt, flexbar, kaiju, kraken, malt, trimmomatic, sickle, skewer, sortmerna, biobloomtools, fastq_screen, afterqc, fastp, fastqc, pychopper, pycoqc, minionqc, multivcfanalyzer, clusterflow, bcl2fastq, bclconvert, interop, ivar, flash, seqyclean, optitype
[2021-09-26 11:13:03,076] multiqc                                            [DEBUG  ]  Using temporary directory for creating report: /tmp/tmpues2guxz
[2021-09-26 11:13:03,274] multiqc                                            [INFO   ]  Search path : /project/6003890/ssutclif/temp_storage/Third_Aim/2_BacterialAnalysis/1_Assembled_Contigs/quast_results/results_IndA
[2021-09-26 11:13:03,274] multiqc                                            [INFO   ]  Search path : /project/6003890/ssutclif/temp_storage/Third_Aim/2_BacterialAnalysis/1_Assembled_Contigs/quast_results/results_IndB
[2021-09-26 11:13:03,274] multiqc                                            [INFO   ]  Search path : /project/6003890/ssutclif/temp_storage/Third_Aim/2_BacterialAnalysis/1_Assembled_Contigs/quast_results/results_IndC
[2021-09-26 11:13:03,274] multiqc                                            [INFO   ]  Search path : /project/6003890/ssutclif/temp_storage/Third_Aim/2_BacterialAnalysis/1_Assembled_Contigs/quast_results/results_IndD
[2021-09-26 11:13:03,274] multiqc                                            [INFO   ]  Search path : /project/6003890/ssutclif/temp_storage/Third_Aim/2_BacterialAnalysis/1_Assembled_Contigs/quast_results/results_IndE
[2021-09-26 11:13:03,274] multiqc                                            [INFO   ]  Search path : /project/6003890/ssutclif/temp_storage/Third_Aim/2_BacterialAnalysis/1_Assembled_Contigs/quast_results/results_IndF
[2021-09-26 11:13:03,274] multiqc                                            [INFO   ]  Search path : /project/6003890/ssutclif/temp_storage/Third_Aim/2_BacterialAnalysis/1_Assembled_Contigs/quast_results/results_IndG
[2021-09-26 11:13:03,274] multiqc                                            [INFO   ]  Search path : /project/6003890/ssutclif/temp_storage/Third_Aim/2_BacterialAnalysis/1_Assembled_Contigs/quast_results/results_IndH
[2021-09-26 11:13:03,275] multiqc                                            [INFO   ]  Search path : /project/6003890/ssutclif/temp_storage/Third_Aim/2_BacterialAnalysis/1_Assembled_Contigs/quast_results/results_IndI
[2021-09-26 11:13:03,275] multiqc                                            [INFO   ]  Search path : /project/6003890/ssutclif/temp_storage/Third_Aim/2_BacterialAnalysis/1_Assembled_Contigs/quast_results/results_IndJ
[2021-09-26 11:13:03,282] multiqc                                            [DEBUG  ]  Ignoring directory as matched fn_ignore_dirs: 1_Assembled_Contigs/quast_results/results_IndA/icarus_viewers
[2021-09-26 11:13:03,287] multiqc                                            [DEBUG  ]  Ignoring directory as matched fn_ignore_dirs: 1_Assembled_Contigs/quast_results/results_IndB/icarus_viewers
[2021-09-26 11:13:03,290] multiqc                                            [DEBUG  ]  Ignoring directory as matched fn_ignore_dirs: 1_Assembled_Contigs/quast_results/results_IndC/icarus_viewers
[2021-09-26 11:13:03,294] multiqc                                            [DEBUG  ]  Ignoring directory as matched fn_ignore_dirs: 1_Assembled_Contigs/quast_results/results_IndD/icarus_viewers
[2021-09-26 11:13:03,297] multiqc                                            [DEBUG  ]  Ignoring directory as matched fn_ignore_dirs: 1_Assembled_Contigs/quast_results/results_IndE/icarus_viewers
[2021-09-26 11:13:03,299] multiqc                                            [DEBUG  ]  Ignoring directory as matched fn_ignore_dirs: 1_Assembled_Contigs/quast_results/results_IndF/icarus_viewers
[2021-09-26 11:13:03,302] multiqc                                            [DEBUG  ]  Ignoring directory as matched fn_ignore_dirs: 1_Assembled_Contigs/quast_results/results_IndG/icarus_viewers
[2021-09-26 11:13:03,304] multiqc                                            [DEBUG  ]  Ignoring directory as matched fn_ignore_dirs: 1_Assembled_Contigs/quast_results/results_IndH/icarus_viewers
[2021-09-26 11:13:03,306] multiqc                                            [DEBUG  ]  Ignoring directory as matched fn_ignore_dirs: 1_Assembled_Contigs/quast_results/results_IndI/icarus_viewers
[2021-09-26 11:13:03,308] multiqc                                            [DEBUG  ]  Ignoring directory as matched fn_ignore_dirs: 1_Assembled_Contigs/quast_results/results_IndJ/icarus_viewers
[2021-09-26 11:13:03,477] multiqc                                            [DEBUG  ]  File ignored by ccs/v4 because it exceeded search pattern filesize limit: transposed_report.tex
[2021-09-26 11:13:03,486] multiqc                                            [DEBUG  ]  File ignored by lima/summary because it exceeded search pattern filesize limit: transposed_report.tex
[2021-09-26 11:13:03,568] multiqc                                            [DEBUG  ]  File ignored by ccs/v4 because it exceeded search pattern filesize limit: report.txt
[2021-09-26 11:13:03,577] multiqc                                            [DEBUG  ]  File ignored by lima/summary because it exceeded search pattern filesize limit: report.txt
[2021-09-26 11:13:03,754] multiqc                                            [DEBUG  ]  File ignored by ccs/v4 because it exceeded search pattern filesize limit: icarus.html
[2021-09-26 11:13:03,761] multiqc                                            [DEBUG  ]  File ignored by hicexplorer because it exceeded search pattern filesize limit: icarus.html
[2021-09-26 11:13:03,762] multiqc                                            [DEBUG  ]  File ignored by nanostat because it exceeded search pattern filesize limit: icarus.html
[2021-09-26 11:13:03,762] multiqc                                            [DEBUG  ]  File ignored by lima/summary because it exceeded search pattern filesize limit: icarus.html
[2021-09-26 11:13:03,775] multiqc                                            [DEBUG  ]  File ignored by longranger/invocation because it exceeded search pattern filesize limit: icarus.html
[2021-09-26 11:13:03,998] multiqc                                            [DEBUG  ]  File ignored by ccs/v4 because it exceeded search pattern filesize limit: report.tex
[2021-09-26 11:13:04,007] multiqc                                            [DEBUG  ]  File ignored by lima/summary because it exceeded search pattern filesize limit: report.tex
[2021-09-26 11:13:04,096] multiqc                                            [DEBUG  ]  File ignored by ccs/v4 because it exceeded search pattern filesize limit: report.html
[2021-09-26 11:13:04,105] multiqc                                            [DEBUG  ]  File ignored by hicexplorer because it exceeded search pattern filesize limit: report.html
[2021-09-26 11:13:04,106] multiqc                                            [DEBUG  ]  File ignored by nanostat because it exceeded search pattern filesize limit: report.html
[2021-09-26 11:13:04,106] multiqc                                            [DEBUG  ]  File ignored by lima/summary because it exceeded search pattern filesize limit: report.html
[2021-09-26 11:13:04,123] multiqc                                            [DEBUG  ]  File ignored by vep/vep_txt because it exceeded search pattern filesize limit: report.html
[2021-09-26 11:13:04,123] multiqc                                            [DEBUG  ]  File ignored by longranger/invocation because it exceeded search pattern filesize limit: report.html
[2021-09-26 11:13:04,123] multiqc                                            [DEBUG  ]  File ignored by rockhopper because it exceeded search pattern filesize limit: report.html
[2021-09-26 11:13:04,123] multiqc                                            [DEBUG  ]  File ignored by rseqc/bam_stat because it exceeded search pattern filesize limit: report.html
[2021-09-26 11:13:04,123] multiqc                                            [DEBUG  ]  File ignored by rseqc/junction_annotation because it exceeded search pattern filesize limit: report.html
[2021-09-26 11:13:04,123] multiqc                                            [DEBUG  ]  File ignored by rseqc/read_distribution because it exceeded search pattern filesize limit: report.html
[2021-09-26 11:13:04,123] multiqc                                            [DEBUG  ]  File ignored by rseqc/infer_experiment because it exceeded search pattern filesize limit: report.html
[2021-09-26 11:13:04,466] multiqc                                            [DEBUG  ]  Ignoring file as matched an ignore pattern: report.pdf
[2021-09-26 11:13:04,503] multiqc                                            [DEBUG  ]  File ignored by ccs/v4 because it exceeded search pattern filesize limit: quast.log
[2021-09-26 11:13:04,512] multiqc                                            [DEBUG  ]  File ignored by lima/summary because it exceeded search pattern filesize limit: quast.log
[2021-09-26 11:13:04,526] multiqc                                            [DEBUG  ]  File ignored by longranger/invocation because it exceeded search pattern filesize limit: quast.log
[2021-09-26 11:13:04,582] multiqc                                            [DEBUG  ]  Ignoring file as matched an ignore pattern: IndA.contigs_GC_content_plot.pdf
[2021-09-26 11:13:04,596] multiqc                                            [DEBUG  ]  Ignoring file as matched an ignore pattern: Nx_plot.pdf
[2021-09-26 11:13:04,598] multiqc                                            [DEBUG  ]  Ignoring file as matched an ignore pattern: cumulative_plot.pdf
[2021-09-26 11:13:04,600] multiqc                                            [DEBUG  ]  Ignoring file as matched an ignore pattern: GC_content_plot.pdf
[2021-09-26 11:13:04,747] multiqc                                            [DEBUG  ]  File ignored by ccs/v4 because it exceeded search pattern filesize limit: transposed_report.tex
[2021-09-26 11:13:04,756] multiqc                                            [DEBUG  ]  File ignored by lima/summary because it exceeded search pattern filesize limit: transposed_report.tex
[2021-09-26 11:13:04,830] multiqc                                            [DEBUG  ]  File ignored by ccs/v4 because it exceeded search pattern filesize limit: report.txt
[2021-09-26 11:13:04,839] multiqc                                            [DEBUG  ]  File ignored by lima/summary because it exceeded search pattern filesize limit: report.txt
[2021-09-26 11:13:05,021] multiqc                                            [DEBUG  ]  File ignored by ccs/v4 because it exceeded search pattern filesize limit: icarus.html
[2021-09-26 11:13:05,028] multiqc                                            [DEBUG  ]  File ignored by hicexplorer because it exceeded search pattern filesize limit: icarus.html
[2021-09-26 11:13:05,029] multiqc                                            [DEBUG  ]  File ignored by nanostat because it exceeded search pattern filesize limit: icarus.html
[2021-09-26 11:13:05,029] multiqc                                            [DEBUG  ]  File ignored by lima/summary because it exceeded search pattern filesize limit: icarus.html
[2021-09-26 11:13:05,043] multiqc                                            [DEBUG  ]  File ignored by longranger/invocation because it exceeded search pattern filesize limit: icarus.html
[2021-09-26 11:13:05,280] multiqc                                            [DEBUG  ]  File ignored by ccs/v4 because it exceeded search pattern filesize limit: report.tex
[2021-09-26 11:13:05,290] multiqc                                            [DEBUG  ]  File ignored by lima/summary because it exceeded search pattern filesize limit: report.tex
[2021-09-26 11:13:05,383] multiqc                                            [DEBUG  ]  File ignored by ccs/v4 because it exceeded search pattern filesize limit: report.html
[2021-09-26 11:13:05,390] multiqc                                            [DEBUG  ]  File ignored by hicexplorer because it exceeded search pattern filesize limit: report.html
[2021-09-26 11:13:05,391] multiqc                                            [DEBUG  ]  File ignored by nanostat because it exceeded search pattern filesize limit: report.html
[2021-09-26 11:13:05,391] multiqc                                            [DEBUG  ]  File ignored by lima/summary because it exceeded search pattern filesize limit: report.html
[2021-09-26 11:13:05,404] multiqc                                            [DEBUG  ]  File ignored by vep/vep_txt because it exceeded search pattern filesize limit: report.html
[2021-09-26 11:13:05,404] multiqc                                            [DEBUG  ]  File ignored by longranger/invocation because it exceeded search pattern filesize limit: report.html
[2021-09-26 11:13:05,404] multiqc                                            [DEBUG  ]  File ignored by rockhopper because it exceeded search pattern filesize limit: report.html
[2021-09-26 11:13:05,404] multiqc                                            [DEBUG  ]  File ignored by rseqc/bam_stat because it exceeded search pattern filesize limit: report.html
[2021-09-26 11:13:05,404] multiqc                                            [DEBUG  ]  File ignored by rseqc/junction_annotation because it exceeded search pattern filesize limit: report.html
[2021-09-26 11:13:05,404] multiqc                                            [DEBUG  ]  File ignored by rseqc/read_distribution because it exceeded search pattern filesize limit: report.html
[2021-09-26 11:13:05,405] multiqc                                            [DEBUG  ]  File ignored by rseqc/infer_experiment because it exceeded search pattern filesize limit: report.html
[2021-09-26 11:13:05,730] multiqc                                            [DEBUG  ]  Ignoring file as matched an ignore pattern: report.pdf
[2021-09-26 11:13:05,800] multiqc                                            [DEBUG  ]  File ignored by ccs/v4 because it exceeded search pattern filesize limit: quast.log
[2021-09-26 11:13:05,810] multiqc                                            [DEBUG  ]  File ignored by lima/summary because it exceeded search pattern filesize limit: quast.log
[2021-09-26 11:13:05,827] multiqc                                            [DEBUG  ]  File ignored by longranger/invocation because it exceeded search pattern filesize limit: quast.log
[2021-09-26 11:13:05,866] multiqc                                            [DEBUG  ]  Ignoring file as matched an ignore pattern: IndB.contigs_GC_content_plot.pdf
[2021-09-26 11:13:05,877] multiqc                                            [DEBUG  ]  Ignoring file as matched an ignore pattern: Nx_plot.pdf
[2021-09-26 11:13:05,886] multiqc                                            [DEBUG  ]  Ignoring file as matched an ignore pattern: cumulative_plot.pdf
[2021-09-26 11:13:05,891] multiqc                                            [DEBUG  ]  Ignoring file as matched an ignore pattern: GC_content_plot.pdf
[2021-09-26 11:13:06,043] multiqc                                            [DEBUG  ]  File ignored by ccs/v4 because it exceeded search pattern filesize limit: transposed_report.tex
[2021-09-26 11:13:06,054] multiqc                                            [DEBUG  ]  File ignored by lima/summary because it exceeded search pattern filesize limit: transposed_report.tex
[2021-09-26 11:13:06,115] multiqc                                            [DEBUG  ]  File ignored by ccs/v4 because it exceeded search pattern filesize limit: report.txt
[2021-09-26 11:13:06,125] multiqc                                            [DEBUG  ]  File ignored by lima/summary because it exceeded search pattern filesize limit: report.txt
[2021-09-26 11:13:06,378] multiqc                                            [DEBUG  ]  File ignored by ccs/v4 because it exceeded search pattern filesize limit: icarus.html
[2021-09-26 11:13:06,386] multiqc                                            [DEBUG  ]  File ignored by hicexplorer because it exceeded search pattern filesize limit: icarus.html
[2021-09-26 11:13:06,387] multiqc                                            [DEBUG  ]  File ignored by nanostat because it exceeded search pattern filesize limit: icarus.html
[2021-09-26 11:13:06,387] multiqc                                            [DEBUG  ]  File ignored by lima/summary because it exceeded search pattern filesize limit: icarus.html
[2021-09-26 11:13:06,402] multiqc                                            [DEBUG  ]  File ignored by longranger/invocation because it exceeded search pattern filesize limit: icarus.html
[2021-09-26 11:13:06,726] multiqc                                            [DEBUG  ]  File ignored by ccs/v4 because it exceeded search pattern filesize limit: report.tex
[2021-09-26 11:13:06,737] multiqc                                            [DEBUG  ]  File ignored by lima/summary because it exceeded search pattern filesize limit: report.tex
[2021-09-26 11:13:06,855] multiqc                                            [DEBUG  ]  File ignored by ccs/v4 because it exceeded search pattern filesize limit: report.html
[2021-09-26 11:13:06,863] multiqc                                            [DEBUG  ]  File ignored by hicexplorer because it exceeded search pattern filesize limit: report.html
[2021-09-26 11:13:06,864] multiqc                                            [DEBUG  ]  File ignored by nanostat because it exceeded search pattern filesize limit: report.html
[2021-09-26 11:13:06,864] multiqc                                            [DEBUG  ]  File ignored by lima/summary because it exceeded search pattern filesize limit: report.html
[2021-09-26 11:13:06,880] multiqc                                            [DEBUG  ]  File ignored by vep/vep_txt because it exceeded search pattern filesize limit: report.html
[2021-09-26 11:13:06,880] multiqc                                            [DEBUG  ]  File ignored by longranger/invocation because it exceeded search pattern filesize limit: report.html
[2021-09-26 11:13:06,880] multiqc                                            [DEBUG  ]  File ignored by rockhopper because it exceeded search pattern filesize limit: report.html
[2021-09-26 11:13:06,880] multiqc                                            [DEBUG  ]  File ignored by rseqc/bam_stat because it exceeded search pattern filesize limit: report.html
[2021-09-26 11:13:06,880] multiqc                                            [DEBUG  ]  File ignored by rseqc/junction_annotation because it exceeded search pattern filesize limit: report.html
[2021-09-26 11:13:06,880] multiqc                                            [DEBUG  ]  File ignored by rseqc/read_distribution because it exceeded search pattern filesize limit: report.html
[2021-09-26 11:13:06,880] multiqc                                            [DEBUG  ]  File ignored by rseqc/infer_experiment because it exceeded search pattern filesize limit: report.html
[2021-09-26 11:13:07,216] multiqc                                            [DEBUG  ]  Ignoring file as matched an ignore pattern: report.pdf
[2021-09-26 11:13:07,255] multiqc                                            [DEBUG  ]  File ignored by ccs/v4 because it exceeded search pattern filesize limit: quast.log
[2021-09-26 11:13:07,264] multiqc                                            [DEBUG  ]  File ignored by lima/summary because it exceeded search pattern filesize limit: quast.log
[2021-09-26 11:13:07,279] multiqc                                            [DEBUG  ]  File ignored by longranger/invocation because it exceeded search pattern filesize limit: quast.log
[2021-09-26 11:13:07,314] multiqc                                            [DEBUG  ]  Ignoring file as matched an ignore pattern: IndC.contigs_GC_content_plot.pdf
[2021-09-26 11:13:07,322] multiqc                                            [DEBUG  ]  Ignoring file as matched an ignore pattern: Nx_plot.pdf
[2021-09-26 11:13:07,355] multiqc                                            [DEBUG  ]  Ignoring file as matched an ignore pattern: cumulative_plot.pdf
[2021-09-26 11:13:07,366] multiqc                                            [DEBUG  ]  Ignoring file as matched an ignore pattern: GC_content_plot.pdf
[2021-09-26 11:13:07,524] multiqc                                            [DEBUG  ]  File ignored by ccs/v4 because it exceeded search pattern filesize limit: transposed_report.tex
[2021-09-26 11:13:07,536] multiqc                                            [DEBUG  ]  File ignored by lima/summary because it exceeded search pattern filesize limit: transposed_report.tex
[2021-09-26 11:13:07,639] multiqc                                            [DEBUG  ]  File ignored by ccs/v4 because it exceeded search pattern filesize limit: report.txt
[2021-09-26 11:13:07,648] multiqc                                            [DEBUG  ]  File ignored by lima/summary because it exceeded search pattern filesize limit: report.txt
[2021-09-26 11:13:07,825] multiqc                                            [DEBUG  ]  File ignored by ccs/v4 because it exceeded search pattern filesize limit: icarus.html
[2021-09-26 11:13:07,833] multiqc                                            [DEBUG  ]  File ignored by hicexplorer because it exceeded search pattern filesize limit: icarus.html
[2021-09-26 11:13:07,834] multiqc                                            [DEBUG  ]  File ignored by nanostat because it exceeded search pattern filesize limit: icarus.html
[2021-09-26 11:13:07,834] multiqc                                            [DEBUG  ]  File ignored by lima/summary because it exceeded search pattern filesize limit: icarus.html
[2021-09-26 11:13:07,847] multiqc                                            [DEBUG  ]  File ignored by longranger/invocation because it exceeded search pattern filesize limit: icarus.html
[2021-09-26 11:13:08,072] multiqc                                            [DEBUG  ]  File ignored by ccs/v4 because it exceeded search pattern filesize limit: report.tex
[2021-09-26 11:13:08,080] multiqc                                            [DEBUG  ]  File ignored by lima/summary because it exceeded search pattern filesize limit: report.tex
[2021-09-26 11:13:08,155] multiqc                                            [DEBUG  ]  File ignored by ccs/v4 because it exceeded search pattern filesize limit: report.html
[2021-09-26 11:13:08,162] multiqc                                            [DEBUG  ]  File ignored by hicexplorer because it exceeded search pattern filesize limit: report.html
[2021-09-26 11:13:08,163] multiqc                                            [DEBUG  ]  File ignored by nanostat because it exceeded search pattern filesize limit: report.html
[2021-09-26 11:13:08,163] multiqc                                            [DEBUG  ]  File ignored by lima/summary because it exceeded search pattern filesize limit: report.html
[2021-09-26 11:13:08,178] multiqc                                            [DEBUG  ]  File ignored by vep/vep_txt because it exceeded search pattern filesize limit: report.html
[2021-09-26 11:13:08,178] multiqc                                            [DEBUG  ]  File ignored by longranger/invocation because it exceeded search pattern filesize limit: report.html
[2021-09-26 11:13:08,178] multiqc                                            [DEBUG  ]  File ignored by rockhopper because it exceeded search pattern filesize limit: report.html
[2021-09-26 11:13:08,178] multiqc                                            [DEBUG  ]  File ignored by rseqc/bam_stat because it exceeded search pattern filesize limit: report.html
[2021-09-26 11:13:08,178] multiqc                                            [DEBUG  ]  File ignored by rseqc/junction_annotation because it exceeded search pattern filesize limit: report.html
[2021-09-26 11:13:08,178] multiqc                                            [DEBUG  ]  File ignored by rseqc/read_distribution because it exceeded search pattern filesize limit: report.html
[2021-09-26 11:13:08,178] multiqc                                            [DEBUG  ]  File ignored by rseqc/infer_experiment because it exceeded search pattern filesize limit: report.html
[2021-09-26 11:13:08,536] multiqc                                            [DEBUG  ]  Ignoring file as matched an ignore pattern: report.pdf
[2021-09-26 11:13:08,613] multiqc                                            [DEBUG  ]  File ignored by ccs/v4 because it exceeded search pattern filesize limit: quast.log
[2021-09-26 11:13:08,622] multiqc                                            [DEBUG  ]  File ignored by lima/summary because it exceeded search pattern filesize limit: quast.log
[2021-09-26 11:13:08,636] multiqc                                            [DEBUG  ]  File ignored by longranger/invocation because it exceeded search pattern filesize limit: quast.log
[2021-09-26 11:13:08,684] multiqc                                            [DEBUG  ]  Ignoring file as matched an ignore pattern: Nx_plot.pdf
[2021-09-26 11:13:08,706] multiqc                                            [DEBUG  ]  Ignoring file as matched an ignore pattern: cumulative_plot.pdf
[2021-09-26 11:13:08,737] multiqc                                            [DEBUG  ]  Ignoring file as matched an ignore pattern: GC_content_plot.pdf
[2021-09-26 11:13:08,738] multiqc                                            [DEBUG  ]  Ignoring file as matched an ignore pattern: IndD.contigs_GC_content_plot.pdf
[2021-09-26 11:13:08,890] multiqc                                            [DEBUG  ]  File ignored by ccs/v4 because it exceeded search pattern filesize limit: transposed_report.tex
[2021-09-26 11:13:08,900] multiqc                                            [DEBUG  ]  File ignored by lima/summary because it exceeded search pattern filesize limit: transposed_report.tex
[2021-09-26 11:13:08,999] multiqc                                            [DEBUG  ]  File ignored by ccs/v4 because it exceeded search pattern filesize limit: report.txt
[2021-09-26 11:13:09,008] multiqc                                            [DEBUG  ]  File ignored by lima/summary because it exceeded search pattern filesize limit: report.txt
[2021-09-26 11:13:09,144] multiqc                                            [DEBUG  ]  File ignored by ccs/v4 because it exceeded search pattern filesize limit: icarus.html
[2021-09-26 11:13:09,151] multiqc                                            [DEBUG  ]  File ignored by hicexplorer because it exceeded search pattern filesize limit: icarus.html
[2021-09-26 11:13:09,152] multiqc                                            [DEBUG  ]  File ignored by nanostat because it exceeded search pattern filesize limit: icarus.html
[2021-09-26 11:13:09,152] multiqc                                            [DEBUG  ]  File ignored by lima/summary because it exceeded search pattern filesize limit: icarus.html
[2021-09-26 11:13:09,165] multiqc                                            [DEBUG  ]  File ignored by longranger/invocation because it exceeded search pattern filesize limit: icarus.html
[2021-09-26 11:13:09,406] multiqc                                            [DEBUG  ]  File ignored by ccs/v4 because it exceeded search pattern filesize limit: report.tex
[2021-09-26 11:13:09,417] multiqc                                            [DEBUG  ]  File ignored by lima/summary because it exceeded search pattern filesize limit: report.tex
[2021-09-26 11:13:09,525] multiqc                                            [DEBUG  ]  File ignored by ccs/v4 because it exceeded search pattern filesize limit: report.html
[2021-09-26 11:13:09,534] multiqc                                            [DEBUG  ]  File ignored by hicexplorer because it exceeded search pattern filesize limit: report.html
[2021-09-26 11:13:09,535] multiqc                                            [DEBUG  ]  File ignored by nanostat because it exceeded search pattern filesize limit: report.html
[2021-09-26 11:13:09,536] multiqc                                            [DEBUG  ]  File ignored by lima/summary because it exceeded search pattern filesize limit: report.html
[2021-09-26 11:13:09,551] multiqc                                            [DEBUG  ]  File ignored by vep/vep_html because it exceeded search pattern filesize limit: report.html
[2021-09-26 11:13:09,551] multiqc                                            [DEBUG  ]  File ignored by vep/vep_txt because it exceeded search pattern filesize limit: report.html
[2021-09-26 11:13:09,551] multiqc                                            [DEBUG  ]  File ignored by longranger/invocation because it exceeded search pattern filesize limit: report.html
[2021-09-26 11:13:09,551] multiqc                                            [DEBUG  ]  File ignored by rockhopper because it exceeded search pattern filesize limit: report.html
[2021-09-26 11:13:09,551] multiqc                                            [DEBUG  ]  File ignored by rseqc/bam_stat because it exceeded search pattern filesize limit: report.html
[2021-09-26 11:13:09,551] multiqc                                            [DEBUG  ]  File ignored by rseqc/junction_annotation because it exceeded search pattern filesize limit: report.html
[2021-09-26 11:13:09,551] multiqc                                            [DEBUG  ]  File ignored by rseqc/read_distribution because it exceeded search pattern filesize limit: report.html
[2021-09-26 11:13:09,552] multiqc                                            [DEBUG  ]  File ignored by rseqc/infer_experiment because it exceeded search pattern filesize limit: report.html
[2021-09-26 11:13:09,568] multiqc                                            [DEBUG  ]  File ignored by stacks/sumstats because it exceeded search pattern filesize limit: report.html
[2021-09-26 11:13:09,946] multiqc                                            [DEBUG  ]  Ignoring file as matched an ignore pattern: report.pdf
[2021-09-26 11:13:09,985] multiqc                                            [DEBUG  ]  File ignored by ccs/v4 because it exceeded search pattern filesize limit: quast.log
[2021-09-26 11:13:09,994] multiqc                                            [DEBUG  ]  File ignored by lima/summary because it exceeded search pattern filesize limit: quast.log
[2021-09-26 11:13:10,008] multiqc                                            [DEBUG  ]  File ignored by longranger/invocation because it exceeded search pattern filesize limit: quast.log
[2021-09-26 11:13:10,049] multiqc                                            [DEBUG  ]  Ignoring file as matched an ignore pattern: IndE.contigs_GC_content_plot.pdf
[2021-09-26 11:13:10,050] multiqc                                            [DEBUG  ]  Ignoring file as matched an ignore pattern: Nx_plot.pdf
[2021-09-26 11:13:10,061] multiqc                                            [DEBUG  ]  Ignoring file as matched an ignore pattern: cumulative_plot.pdf
[2021-09-26 11:13:10,113] multiqc                                            [DEBUG  ]  Ignoring file as matched an ignore pattern: GC_content_plot.pdf
[2021-09-26 11:13:10,282] multiqc                                            [DEBUG  ]  File ignored by ccs/v4 because it exceeded search pattern filesize limit: transposed_report.tex
[2021-09-26 11:13:10,291] multiqc                                            [DEBUG  ]  File ignored by lima/summary because it exceeded search pattern filesize limit: transposed_report.tex
[2021-09-26 11:13:10,396] multiqc                                            [DEBUG  ]  File ignored by ccs/v4 because it exceeded search pattern filesize limit: report.txt
[2021-09-26 11:13:10,407] multiqc                                            [DEBUG  ]  File ignored by lima/summary because it exceeded search pattern filesize limit: report.txt
[2021-09-26 11:13:10,625] multiqc                                            [DEBUG  ]  File ignored by ccs/v4 because it exceeded search pattern filesize limit: icarus.html
[2021-09-26 11:13:10,633] multiqc                                            [DEBUG  ]  File ignored by hicexplorer because it exceeded search pattern filesize limit: icarus.html
[2021-09-26 11:13:10,634] multiqc                                            [DEBUG  ]  File ignored by nanostat because it exceeded search pattern filesize limit: icarus.html
[2021-09-26 11:13:10,635] multiqc                                            [DEBUG  ]  File ignored by lima/summary because it exceeded search pattern filesize limit: icarus.html
[2021-09-26 11:13:10,650] multiqc                                            [DEBUG  ]  File ignored by longranger/invocation because it exceeded search pattern filesize limit: icarus.html
[2021-09-26 11:13:10,875] multiqc                                            [DEBUG  ]  File ignored by ccs/v4 because it exceeded search pattern filesize limit: report.tex
[2021-09-26 11:13:10,884] multiqc                                            [DEBUG  ]  File ignored by lima/summary because it exceeded search pattern filesize limit: report.tex
[2021-09-26 11:13:10,974] multiqc                                            [DEBUG  ]  File ignored by ccs/v4 because it exceeded search pattern filesize limit: report.html
[2021-09-26 11:13:10,982] multiqc                                            [DEBUG  ]  File ignored by hicexplorer because it exceeded search pattern filesize limit: report.html
[2021-09-26 11:13:10,982] multiqc                                            [DEBUG  ]  File ignored by nanostat because it exceeded search pattern filesize limit: report.html
[2021-09-26 11:13:10,983] multiqc                                            [DEBUG  ]  File ignored by lima/summary because it exceeded search pattern filesize limit: report.html
[2021-09-26 11:13:10,996] multiqc                                            [DEBUG  ]  File ignored by vep/vep_txt because it exceeded search pattern filesize limit: report.html
[2021-09-26 11:13:10,996] multiqc                                            [DEBUG  ]  File ignored by longranger/invocation because it exceeded search pattern filesize limit: report.html
[2021-09-26 11:13:10,996] multiqc                                            [DEBUG  ]  File ignored by rockhopper because it exceeded search pattern filesize limit: report.html
[2021-09-26 11:13:10,996] multiqc                                            [DEBUG  ]  File ignored by rseqc/bam_stat because it exceeded search pattern filesize limit: report.html
[2021-09-26 11:13:10,996] multiqc                                            [DEBUG  ]  File ignored by rseqc/junction_annotation because it exceeded search pattern filesize limit: report.html
[2021-09-26 11:13:10,996] multiqc                                            [DEBUG  ]  File ignored by rseqc/read_distribution because it exceeded search pattern filesize limit: report.html
[2021-09-26 11:13:10,996] multiqc                                            [DEBUG  ]  File ignored by rseqc/infer_experiment because it exceeded search pattern filesize limit: report.html
[2021-09-26 11:13:11,316] multiqc                                            [DEBUG  ]  Ignoring file as matched an ignore pattern: report.pdf
[2021-09-26 11:13:11,371] multiqc                                            [DEBUG  ]  File ignored by ccs/v4 because it exceeded search pattern filesize limit: quast.log
[2021-09-26 11:13:11,381] multiqc                                            [DEBUG  ]  File ignored by lima/summary because it exceeded search pattern filesize limit: quast.log
[2021-09-26 11:13:11,396] multiqc                                            [DEBUG  ]  File ignored by longranger/invocation because it exceeded search pattern filesize limit: quast.log
[2021-09-26 11:13:11,425] multiqc                                            [DEBUG  ]  Ignoring file as matched an ignore pattern: Nx_plot.pdf
[2021-09-26 11:13:11,426] multiqc                                            [DEBUG  ]  Ignoring file as matched an ignore pattern: cumulative_plot.pdf
[2021-09-26 11:13:11,428] multiqc                                            [DEBUG  ]  Ignoring file as matched an ignore pattern: GC_content_plot.pdf
[2021-09-26 11:13:11,429] multiqc                                            [DEBUG  ]  Ignoring file as matched an ignore pattern: IndF.contigs_GC_content_plot.pdf
[2021-09-26 11:13:11,540] multiqc                                            [DEBUG  ]  File ignored by ccs/v4 because it exceeded search pattern filesize limit: transposed_report.tex
[2021-09-26 11:13:11,549] multiqc                                            [DEBUG  ]  File ignored by lima/summary because it exceeded search pattern filesize limit: transposed_report.tex
[2021-09-26 11:13:11,632] multiqc                                            [DEBUG  ]  File ignored by ccs/v4 because it exceeded search pattern filesize limit: report.txt
[2021-09-26 11:13:11,641] multiqc                                            [DEBUG  ]  File ignored by lima/summary because it exceeded search pattern filesize limit: report.txt
[2021-09-26 11:13:11,818] multiqc                                            [DEBUG  ]  File ignored by ccs/v4 because it exceeded search pattern filesize limit: icarus.html
[2021-09-26 11:13:11,826] multiqc                                            [DEBUG  ]  File ignored by hicexplorer because it exceeded search pattern filesize limit: icarus.html
[2021-09-26 11:13:11,827] multiqc                                            [DEBUG  ]  File ignored by nanostat because it exceeded search pattern filesize limit: icarus.html
[2021-09-26 11:13:11,827] multiqc                                            [DEBUG  ]  File ignored by lima/summary because it exceeded search pattern filesize limit: icarus.html
[2021-09-26 11:13:11,841] multiqc                                            [DEBUG  ]  File ignored by longranger/invocation because it exceeded search pattern filesize limit: icarus.html
[2021-09-26 11:13:12,048] multiqc                                            [DEBUG  ]  File ignored by ccs/v4 because it exceeded search pattern filesize limit: report.tex
[2021-09-26 11:13:12,057] multiqc                                            [DEBUG  ]  File ignored by lima/summary because it exceeded search pattern filesize limit: report.tex
[2021-09-26 11:13:12,145] multiqc                                            [DEBUG  ]  File ignored by ccs/v4 because it exceeded search pattern filesize limit: report.html
[2021-09-26 11:13:12,152] multiqc                                            [DEBUG  ]  File ignored by hicexplorer because it exceeded search pattern filesize limit: report.html
[2021-09-26 11:13:12,153] multiqc                                            [DEBUG  ]  File ignored by nanostat because it exceeded search pattern filesize limit: report.html
[2021-09-26 11:13:12,153] multiqc                                            [DEBUG  ]  File ignored by lima/summary because it exceeded search pattern filesize limit: report.html
[2021-09-26 11:13:12,166] multiqc                                            [DEBUG  ]  File ignored by vep/vep_txt because it exceeded search pattern filesize limit: report.html
[2021-09-26 11:13:12,166] multiqc                                            [DEBUG  ]  File ignored by longranger/invocation because it exceeded search pattern filesize limit: report.html
[2021-09-26 11:13:12,166] multiqc                                            [DEBUG  ]  File ignored by rockhopper because it exceeded search pattern filesize limit: report.html
[2021-09-26 11:13:12,166] multiqc                                            [DEBUG  ]  File ignored by rseqc/bam_stat because it exceeded search pattern filesize limit: report.html
[2021-09-26 11:13:12,166] multiqc                                            [DEBUG  ]  File ignored by rseqc/junction_annotation because it exceeded search pattern filesize limit: report.html
[2021-09-26 11:13:12,166] multiqc                                            [DEBUG  ]  File ignored by rseqc/read_distribution because it exceeded search pattern filesize limit: report.html
[2021-09-26 11:13:12,166] multiqc                                            [DEBUG  ]  File ignored by rseqc/infer_experiment because it exceeded search pattern filesize limit: report.html
[2021-09-26 11:13:12,486] multiqc                                            [DEBUG  ]  Ignoring file as matched an ignore pattern: report.pdf
[2021-09-26 11:13:12,524] multiqc                                            [DEBUG  ]  File ignored by ccs/v4 because it exceeded search pattern filesize limit: quast.log
[2021-09-26 11:13:12,533] multiqc                                            [DEBUG  ]  File ignored by lima/summary because it exceeded search pattern filesize limit: quast.log
[2021-09-26 11:13:12,547] multiqc                                            [DEBUG  ]  File ignored by longranger/invocation because it exceeded search pattern filesize limit: quast.log
[2021-09-26 11:13:12,613] multiqc                                            [DEBUG  ]  Ignoring file as matched an ignore pattern: IndG.contigs_GC_content_plot.pdf
[2021-09-26 11:13:12,628] multiqc                                            [DEBUG  ]  Ignoring file as matched an ignore pattern: Nx_plot.pdf
[2021-09-26 11:13:12,630] multiqc                                            [DEBUG  ]  Ignoring file as matched an ignore pattern: cumulative_plot.pdf
[2021-09-26 11:13:12,663] multiqc                                            [DEBUG  ]  Ignoring file as matched an ignore pattern: GC_content_plot.pdf
[2021-09-26 11:13:12,828] multiqc                                            [DEBUG  ]  File ignored by ccs/v4 because it exceeded search pattern filesize limit: transposed_report.tex
[2021-09-26 11:13:12,837] multiqc                                            [DEBUG  ]  File ignored by lima/summary because it exceeded search pattern filesize limit: transposed_report.tex
[2021-09-26 11:13:12,935] multiqc                                            [DEBUG  ]  File ignored by ccs/v4 because it exceeded search pattern filesize limit: report.txt
[2021-09-26 11:13:12,945] multiqc                                            [DEBUG  ]  File ignored by lima/summary because it exceeded search pattern filesize limit: report.txt
[2021-09-26 11:13:13,145] multiqc                                            [DEBUG  ]  File ignored by ccs/v4 because it exceeded search pattern filesize limit: icarus.html
[2021-09-26 11:13:13,153] multiqc                                            [DEBUG  ]  File ignored by hicexplorer because it exceeded search pattern filesize limit: icarus.html
[2021-09-26 11:13:13,154] multiqc                                            [DEBUG  ]  File ignored by nanostat because it exceeded search pattern filesize limit: icarus.html
[2021-09-26 11:13:13,154] multiqc                                            [DEBUG  ]  File ignored by lima/summary because it exceeded search pattern filesize limit: icarus.html
[2021-09-26 11:13:13,168] multiqc                                            [DEBUG  ]  File ignored by longranger/invocation because it exceeded search pattern filesize limit: icarus.html
[2021-09-26 11:13:13,406] multiqc                                            [DEBUG  ]  File ignored by ccs/v4 because it exceeded search pattern filesize limit: report.tex
[2021-09-26 11:13:13,415] multiqc                                            [DEBUG  ]  File ignored by lima/summary because it exceeded search pattern filesize limit: report.tex
[2021-09-26 11:13:13,539] multiqc                                            [DEBUG  ]  File ignored by ccs/v4 because it exceeded search pattern filesize limit: report.html
[2021-09-26 11:13:13,548] multiqc                                            [DEBUG  ]  File ignored by hicexplorer because it exceeded search pattern filesize limit: report.html
[2021-09-26 11:13:13,549] multiqc                                            [DEBUG  ]  File ignored by nanostat because it exceeded search pattern filesize limit: report.html
[2021-09-26 11:13:13,549] multiqc                                            [DEBUG  ]  File ignored by lima/summary because it exceeded search pattern filesize limit: report.html
[2021-09-26 11:13:13,565] multiqc                                            [DEBUG  ]  File ignored by vep/vep_txt because it exceeded search pattern filesize limit: report.html
[2021-09-26 11:13:13,565] multiqc                                            [DEBUG  ]  File ignored by longranger/invocation because it exceeded search pattern filesize limit: report.html
[2021-09-26 11:13:13,565] multiqc                                            [DEBUG  ]  File ignored by rockhopper because it exceeded search pattern filesize limit: report.html
[2021-09-26 11:13:13,565] multiqc                                            [DEBUG  ]  File ignored by rseqc/bam_stat because it exceeded search pattern filesize limit: report.html
[2021-09-26 11:13:13,566] multiqc                                            [DEBUG  ]  File ignored by rseqc/junction_annotation because it exceeded search pattern filesize limit: report.html
[2021-09-26 11:13:13,566] multiqc                                            [DEBUG  ]  File ignored by rseqc/read_distribution because it exceeded search pattern filesize limit: report.html
[2021-09-26 11:13:13,566] multiqc                                            [DEBUG  ]  File ignored by rseqc/infer_experiment because it exceeded search pattern filesize limit: report.html
[2021-09-26 11:13:13,867] multiqc                                            [DEBUG  ]  Ignoring file as matched an ignore pattern: report.pdf
[2021-09-26 11:13:13,905] multiqc                                            [DEBUG  ]  File ignored by ccs/v4 because it exceeded search pattern filesize limit: quast.log
[2021-09-26 11:13:13,913] multiqc                                            [DEBUG  ]  File ignored by lima/summary because it exceeded search pattern filesize limit: quast.log
[2021-09-26 11:13:13,927] multiqc                                            [DEBUG  ]  File ignored by longranger/invocation because it exceeded search pattern filesize limit: quast.log
[2021-09-26 11:13:13,976] multiqc                                            [DEBUG  ]  Ignoring file as matched an ignore pattern: IndH.contigs_GC_content_plot.pdf
[2021-09-26 11:13:14,012] multiqc                                            [DEBUG  ]  Ignoring file as matched an ignore pattern: Nx_plot.pdf
[2021-09-26 11:13:14,014] multiqc                                            [DEBUG  ]  Ignoring file as matched an ignore pattern: cumulative_plot.pdf
[2021-09-26 11:13:14,019] multiqc                                            [DEBUG  ]  Ignoring file as matched an ignore pattern: GC_content_plot.pdf
[2021-09-26 11:13:14,132] multiqc                                            [DEBUG  ]  File ignored by ccs/v4 because it exceeded search pattern filesize limit: transposed_report.tex
[2021-09-26 11:13:14,141] multiqc                                            [DEBUG  ]  File ignored by lima/summary because it exceeded search pattern filesize limit: transposed_report.tex
[2021-09-26 11:13:14,223] multiqc                                            [DEBUG  ]  File ignored by ccs/v4 because it exceeded search pattern filesize limit: report.txt
[2021-09-26 11:13:14,232] multiqc                                            [DEBUG  ]  File ignored by lima/summary because it exceeded search pattern filesize limit: report.txt
[2021-09-26 11:13:14,386] multiqc                                            [DEBUG  ]  File ignored by ccs/v4 because it exceeded search pattern filesize limit: icarus.html
[2021-09-26 11:13:14,393] multiqc                                            [DEBUG  ]  File ignored by hicexplorer because it exceeded search pattern filesize limit: icarus.html
[2021-09-26 11:13:14,394] multiqc                                            [DEBUG  ]  File ignored by nanostat because it exceeded search pattern filesize limit: icarus.html
[2021-09-26 11:13:14,394] multiqc                                            [DEBUG  ]  File ignored by lima/summary because it exceeded search pattern filesize limit: icarus.html
[2021-09-26 11:13:14,408] multiqc                                            [DEBUG  ]  File ignored by longranger/invocation because it exceeded search pattern filesize limit: icarus.html
[2021-09-26 11:13:14,644] multiqc                                            [DEBUG  ]  File ignored by ccs/v4 because it exceeded search pattern filesize limit: report.tex
[2021-09-26 11:13:14,653] multiqc                                            [DEBUG  ]  File ignored by lima/summary because it exceeded search pattern filesize limit: report.tex
[2021-09-26 11:13:14,756] multiqc                                            [DEBUG  ]  File ignored by ccs/v4 because it exceeded search pattern filesize limit: report.html
[2021-09-26 11:13:14,764] multiqc                                            [DEBUG  ]  File ignored by hicexplorer because it exceeded search pattern filesize limit: report.html
[2021-09-26 11:13:14,765] multiqc                                            [DEBUG  ]  File ignored by nanostat because it exceeded search pattern filesize limit: report.html
[2021-09-26 11:13:14,765] multiqc                                            [DEBUG  ]  File ignored by lima/summary because it exceeded search pattern filesize limit: report.html
[2021-09-26 11:13:14,780] multiqc                                            [DEBUG  ]  File ignored by vep/vep_txt because it exceeded search pattern filesize limit: report.html
[2021-09-26 11:13:14,780] multiqc                                            [DEBUG  ]  File ignored by longranger/invocation because it exceeded search pattern filesize limit: report.html
[2021-09-26 11:13:14,780] multiqc                                            [DEBUG  ]  File ignored by rockhopper because it exceeded search pattern filesize limit: report.html
[2021-09-26 11:13:14,780] multiqc                                            [DEBUG  ]  File ignored by rseqc/bam_stat because it exceeded search pattern filesize limit: report.html
[2021-09-26 11:13:14,781] multiqc                                            [DEBUG  ]  File ignored by rseqc/junction_annotation because it exceeded search pattern filesize limit: report.html
[2021-09-26 11:13:14,781] multiqc                                            [DEBUG  ]  File ignored by rseqc/read_distribution because it exceeded search pattern filesize limit: report.html
[2021-09-26 11:13:14,781] multiqc                                            [DEBUG  ]  File ignored by rseqc/infer_experiment because it exceeded search pattern filesize limit: report.html
[2021-09-26 11:13:15,116] multiqc                                            [DEBUG  ]  Ignoring file as matched an ignore pattern: report.pdf
[2021-09-26 11:13:15,140] multiqc                                            [DEBUG  ]  File ignored by ccs/v4 because it exceeded search pattern filesize limit: quast.log
[2021-09-26 11:13:15,149] multiqc                                            [DEBUG  ]  File ignored by lima/summary because it exceeded search pattern filesize limit: quast.log
[2021-09-26 11:13:15,163] multiqc                                            [DEBUG  ]  File ignored by longranger/invocation because it exceeded search pattern filesize limit: quast.log
[2021-09-26 11:13:15,196] multiqc                                            [DEBUG  ]  Ignoring file as matched an ignore pattern: IndI.contigs_GC_content_plot.pdf
[2021-09-26 11:13:15,197] multiqc                                            [DEBUG  ]  Ignoring file as matched an ignore pattern: Nx_plot.pdf
[2021-09-26 11:13:15,199] multiqc                                            [DEBUG  ]  Ignoring file as matched an ignore pattern: cumulative_plot.pdf
[2021-09-26 11:13:15,218] multiqc                                            [DEBUG  ]  Ignoring file as matched an ignore pattern: GC_content_plot.pdf
[2021-09-26 11:13:15,333] multiqc                                            [DEBUG  ]  File ignored by ccs/v4 because it exceeded search pattern filesize limit: transposed_report.tex
[2021-09-26 11:13:15,341] multiqc                                            [DEBUG  ]  File ignored by lima/summary because it exceeded search pattern filesize limit: transposed_report.tex
[2021-09-26 11:13:15,405] multiqc                                            [DEBUG  ]  File ignored by ccs/v4 because it exceeded search pattern filesize limit: report.txt
[2021-09-26 11:13:15,414] multiqc                                            [DEBUG  ]  File ignored by lima/summary because it exceeded search pattern filesize limit: report.txt
[2021-09-26 11:13:15,602] multiqc                                            [DEBUG  ]  File ignored by ccs/v4 because it exceeded search pattern filesize limit: icarus.html
[2021-09-26 11:13:15,609] multiqc                                            [DEBUG  ]  File ignored by hicexplorer because it exceeded search pattern filesize limit: icarus.html
[2021-09-26 11:13:15,610] multiqc                                            [DEBUG  ]  File ignored by nanostat because it exceeded search pattern filesize limit: icarus.html
[2021-09-26 11:13:15,610] multiqc                                            [DEBUG  ]  File ignored by lima/summary because it exceeded search pattern filesize limit: icarus.html
[2021-09-26 11:13:15,623] multiqc                                            [DEBUG  ]  File ignored by longranger/invocation because it exceeded search pattern filesize limit: icarus.html
[2021-09-26 11:13:15,873] multiqc                                            [DEBUG  ]  File ignored by ccs/v4 because it exceeded search pattern filesize limit: report.tex
[2021-09-26 11:13:15,884] multiqc                                            [DEBUG  ]  File ignored by lima/summary because it exceeded search pattern filesize limit: report.tex
[2021-09-26 11:13:15,996] multiqc                                            [DEBUG  ]  File ignored by ccs/v4 because it exceeded search pattern filesize limit: report.html
[2021-09-26 11:13:16,005] multiqc                                            [DEBUG  ]  File ignored by hicexplorer because it exceeded search pattern filesize limit: report.html
[2021-09-26 11:13:16,006] multiqc                                            [DEBUG  ]  File ignored by nanostat because it exceeded search pattern filesize limit: report.html
[2021-09-26 11:13:16,006] multiqc                                            [DEBUG  ]  File ignored by lima/summary because it exceeded search pattern filesize limit: report.html
[2021-09-26 11:13:16,022] multiqc                                            [DEBUG  ]  File ignored by vep/vep_txt because it exceeded search pattern filesize limit: report.html
[2021-09-26 11:13:16,022] multiqc                                            [DEBUG  ]  File ignored by longranger/invocation because it exceeded search pattern filesize limit: report.html
[2021-09-26 11:13:16,022] multiqc                                            [DEBUG  ]  File ignored by rockhopper because it exceeded search pattern filesize limit: report.html
[2021-09-26 11:13:16,022] multiqc                                            [DEBUG  ]  File ignored by rseqc/bam_stat because it exceeded search pattern filesize limit: report.html
[2021-09-26 11:13:16,022] multiqc                                            [DEBUG  ]  File ignored by rseqc/junction_annotation because it exceeded search pattern filesize limit: report.html
[2021-09-26 11:13:16,023] multiqc                                            [DEBUG  ]  File ignored by rseqc/read_distribution because it exceeded search pattern filesize limit: report.html
[2021-09-26 11:13:16,023] multiqc                                            [DEBUG  ]  File ignored by rseqc/infer_experiment because it exceeded search pattern filesize limit: report.html
[2021-09-26 11:13:16,491] multiqc                                            [DEBUG  ]  Ignoring file as matched an ignore pattern: report.pdf
[2021-09-26 11:13:16,512] multiqc                                            [DEBUG  ]  File ignored by ccs/v4 because it exceeded search pattern filesize limit: quast.log
[2021-09-26 11:13:16,522] multiqc                                            [DEBUG  ]  File ignored by lima/summary because it exceeded search pattern filesize limit: quast.log
[2021-09-26 11:13:16,536] multiqc                                            [DEBUG  ]  File ignored by longranger/invocation because it exceeded search pattern filesize limit: quast.log
[2021-09-26 11:13:16,575] multiqc                                            [DEBUG  ]  Ignoring file as matched an ignore pattern: Nx_plot.pdf
[2021-09-26 11:13:16,576] multiqc                                            [DEBUG  ]  Ignoring file as matched an ignore pattern: cumulative_plot.pdf
[2021-09-26 11:13:16,586] multiqc                                            [DEBUG  ]  Ignoring file as matched an ignore pattern: GC_content_plot.pdf
[2021-09-26 11:13:16,598] multiqc                                            [DEBUG  ]  Ignoring file as matched an ignore pattern: IndJ.contigs_GC_content_plot.pdf
[2021-09-26 11:13:19,667] multiqc.plots.bargraph                             [DEBUG  ]  Using matplotlib version 3.4.2
[2021-09-26 11:13:19,692] multiqc.plots.linegraph                            [DEBUG  ]  Using matplotlib version 3.4.2
[2021-09-26 11:13:19,752] multiqc                                            [DEBUG  ]  No samples found: custom_content
[2021-09-26 11:13:19,858] multiqc                                            [DEBUG  ]  No samples found: ccs
[2021-09-26 11:13:19,950] multiqc                                            [DEBUG  ]  No samples found: ngsderive
[2021-09-26 11:13:20,081] multiqc                                            [DEBUG  ]  No samples found: purple
[2021-09-26 11:13:20,132] multiqc                                            [DEBUG  ]  No samples found: conpair
[2021-09-26 11:13:20,213] multiqc                                            [DEBUG  ]  No samples found: lima
[2021-09-26 11:13:20,292] multiqc                                            [DEBUG  ]  No samples found: peddy
[2021-09-26 11:13:20,359] multiqc                                            [DEBUG  ]  No samples found: somalier
[2021-09-26 11:13:20,410] multiqc                                            [DEBUG  ]  No samples found: methylQA
[2021-09-26 11:13:20,553] multiqc.modules.mosdepth.mosdepth                  [DEBUG  ]  include_contigs: []
[2021-09-26 11:13:20,553] multiqc.modules.mosdepth.mosdepth                  [DEBUG  ]  exclude_contigs: []
[2021-09-26 11:13:20,553] multiqc                                            [DEBUG  ]  No samples found: mosdepth
[2021-09-26 11:13:20,662] multiqc                                            [DEBUG  ]  No samples found: phantompeakqualtools
[2021-09-26 11:13:20,703] multiqc                                            [DEBUG  ]  No samples found: qualimap
[2021-09-26 11:13:20,775] multiqc                                            [DEBUG  ]  No samples found: preseq
[2021-09-26 11:13:20,843] multiqc.modules.quast.quast                        [INFO   ]  Found 10 reports
[2021-09-26 11:13:23,052] multiqc                                            [DEBUG  ]  No samples found: qorts
[2021-09-26 11:13:23,155] multiqc                                            [DEBUG  ]  No samples found: rna_seqc
[2021-09-26 11:13:23,265] multiqc                                            [DEBUG  ]  No samples found: rockhopper
[2021-09-26 11:13:23,433] multiqc                                            [DEBUG  ]  No samples found: rsem
[2021-09-26 11:13:23,749] multiqc                                            [DEBUG  ]  No samples found: rseqc
[2021-09-26 11:13:23,792] multiqc                                            [DEBUG  ]  No samples found: busco
[2021-09-26 11:13:23,833] multiqc                                            [DEBUG  ]  No samples found: bustools
[2021-09-26 11:13:23,895] multiqc                                            [DEBUG  ]  No samples found: goleft_indexcov
[2021-09-26 11:13:23,949] multiqc                                            [DEBUG  ]  No samples found: gffcompare
[2021-09-26 11:13:24,013] multiqc                                            [DEBUG  ]  No samples found: disambiguate
[2021-09-26 11:13:24,078] multiqc                                            [DEBUG  ]  No samples found: supernova
[2021-09-26 11:13:24,283] multiqc                                            [DEBUG  ]  No samples found: deeptools
[2021-09-26 11:13:24,333] multiqc                                            [DEBUG  ]  No samples found: sargasso
[2021-09-26 11:13:24,384] multiqc                                            [DEBUG  ]  No samples found: verifybamid
[2021-09-26 11:13:24,438] multiqc                                            [DEBUG  ]  No samples found: mirtrace
[2021-09-26 11:13:24,524] multiqc                                            [DEBUG  ]  No samples found: happy
[2021-09-26 11:13:24,590] multiqc                                            [DEBUG  ]  No samples found: mirtop
[2021-09-26 11:13:24,716] multiqc                                            [DEBUG  ]  No samples found: sambamba
[2021-09-26 11:13:24,803] multiqc                                            [DEBUG  ]  No samples found: homer
[2021-09-26 11:13:24,897] multiqc                                            [DEBUG  ]  No samples found: hops
[2021-09-26 11:13:24,934] multiqc                                            [DEBUG  ]  No samples found: macs2
[2021-09-26 11:13:24,996] multiqc                                            [DEBUG  ]  No samples found: theta2
[2021-09-26 11:13:25,092] multiqc                                            [DEBUG  ]  No samples found: snpeff
[2021-09-26 11:13:25,213] multiqc                                            [DEBUG  ]  No samples found: gatk
[2021-09-26 11:13:25,310] multiqc                                            [DEBUG  ]  No samples found: htseq
[2021-09-26 11:13:25,420] multiqc                                            [DEBUG  ]  No samples found: bcftools
[2021-09-26 11:13:25,517] multiqc                                            [DEBUG  ]  No samples found: featureCounts
[2021-09-26 11:13:25,641] multiqc                                            [DEBUG  ]  No samples found: fgbio
[2021-09-26 11:13:25,864] multiqc                                            [DEBUG  ]  No samples found: dragen
[2021-09-26 11:13:25,907] multiqc                                            [DEBUG  ]  No samples found: dedup
[2021-09-26 11:13:25,948] multiqc                                            [DEBUG  ]  No samples found: damageprofiler
[2021-09-26 11:13:26,922] multiqc                                            [DEBUG  ]  No samples found: biobambam2
[2021-09-26 11:13:26,996] multiqc                                            [DEBUG  ]  No samples found: jcvi
[2021-09-26 11:13:27,050] multiqc                                            [DEBUG  ]  No samples found: mtnucratio
[2021-09-26 11:13:27,055] multiqc                                            [DEBUG  ]  No samples found: picard
[2021-09-26 11:13:27,114] multiqc                                            [DEBUG  ]  No samples found: vep
[2021-09-26 11:13:27,237] multiqc                                            [DEBUG  ]  No samples found: sentieon
[2021-09-26 11:13:27,274] multiqc                                            [DEBUG  ]  No samples found: prokka
[2021-09-26 11:13:27,337] multiqc                                            [DEBUG  ]  No samples found: qc3C
[2021-09-26 11:13:27,406] multiqc                                            [DEBUG  ]  No samples found: nanostat
[2021-09-26 11:13:27,474] multiqc                                            [DEBUG  ]  No samples found: samblaster
[2021-09-26 11:13:27,655] multiqc                                            [DEBUG  ]  No samples found: samtools
[2021-09-26 11:13:27,740] multiqc                                            [DEBUG  ]  No samples found: sexdeterrmine
[2021-09-26 11:13:27,795] multiqc                                            [DEBUG  ]  No samples found: eigenstratdatabasetools
[2021-09-26 11:13:27,886] multiqc                                            [DEBUG  ]  No samples found: bamtools
[2021-09-26 11:13:27,960] multiqc                                            [DEBUG  ]  No samples found: jellyfish
[2021-09-26 11:13:28,178] multiqc                                            [DEBUG  ]  No samples found: vcftools
[2021-09-26 11:13:28,246] multiqc                                            [DEBUG  ]  No samples found: longranger
[2021-09-26 11:13:28,352] multiqc                                            [DEBUG  ]  No samples found: stacks
[2021-09-26 11:13:28,409] multiqc                                            [DEBUG  ]  No samples found: varscan2
[2021-09-26 11:13:28,438] multiqc                                            [DEBUG  ]  No samples found: snippy
[2021-09-26 11:13:28,866] multiqc                                            [DEBUG  ]  No samples found: bbmap
[2021-09-26 11:13:28,919] multiqc                                            [DEBUG  ]  No samples found: bismark
[2021-09-26 11:13:29,012] multiqc                                            [DEBUG  ]  No samples found: biscuit
[2021-09-26 11:13:29,106] multiqc                                            [DEBUG  ]  No samples found: hicexplorer
[2021-09-26 11:13:29,184] multiqc                                            [DEBUG  ]  No samples found: hicup
[2021-09-26 11:13:29,248] multiqc                                            [DEBUG  ]  No samples found: hicpro
[2021-09-26 11:13:29,289] multiqc                                            [DEBUG  ]  No samples found: salmon
[2021-09-26 11:13:29,331] multiqc                                            [DEBUG  ]  No samples found: kallisto
[2021-09-26 11:13:29,384] multiqc                                            [DEBUG  ]  No samples found: slamdunk
[2021-09-26 11:13:29,467] multiqc                                            [DEBUG  ]  No samples found: star
[2021-09-26 11:13:29,527] multiqc                                            [DEBUG  ]  No samples found: hisat2
[2021-09-26 11:13:29,586] multiqc                                            [DEBUG  ]  No samples found: tophat
[2021-09-26 11:13:29,629] multiqc                                            [DEBUG  ]  No samples found: bowtie2
[2021-09-26 11:13:29,669] multiqc                                            [DEBUG  ]  No samples found: bowtie1
[2021-09-26 11:13:29,781] multiqc                                            [DEBUG  ]  No samples found: snpsplit
[2021-09-26 11:13:29,827] multiqc                                            [DEBUG  ]  No samples found: odgi
[2021-09-26 11:13:29,877] multiqc                                            [DEBUG  ]  No samples found: pangolin
[2021-09-26 11:13:29,938] multiqc                                            [DEBUG  ]  No samples found: kat
[2021-09-26 11:13:29,970] multiqc                                            [DEBUG  ]  No samples found: leehom
[2021-09-26 11:13:30,012] multiqc                                            [DEBUG  ]  No samples found: adapterRemoval
[2021-09-26 11:13:30,047] multiqc                                            [DEBUG  ]  No samples found: clipandmerge
[2021-09-26 11:13:30,130] multiqc                                            [DEBUG  ]  No samples found: cutadapt
[2021-09-26 11:13:30,178] multiqc                                            [DEBUG  ]  No samples found: flexbar
[2021-09-26 11:13:30,243] multiqc                                            [DEBUG  ]  No samples found: kaiju
[2021-09-26 11:13:30,314] multiqc                                            [DEBUG  ]  No samples found: kraken
[2021-09-26 11:13:30,341] multiqc                                            [DEBUG  ]  No samples found: malt
[2021-09-26 11:13:30,394] multiqc                                            [DEBUG  ]  No samples found: trimmomatic
[2021-09-26 11:13:30,491] multiqc                                            [DEBUG  ]  No samples found: sickle
[2021-09-26 11:13:30,553] multiqc                                            [DEBUG  ]  No samples found: skewer
[2021-09-26 11:13:30,612] multiqc                                            [DEBUG  ]  No samples found: sortmerna
[2021-09-26 11:13:30,710] multiqc                                            [DEBUG  ]  No samples found: biobloomtools
[2021-09-26 11:13:30,778] multiqc                                            [DEBUG  ]  No samples found: fastq_screen
[2021-09-26 11:13:30,878] multiqc                                            [DEBUG  ]  No samples found: afterqc
[2021-09-26 11:13:30,950] multiqc                                            [DEBUG  ]  No samples found: fastp
[2021-09-26 11:13:31,007] multiqc                                            [DEBUG  ]  No samples found: fastqc
[2021-09-26 11:13:31,088] multiqc                                            [DEBUG  ]  No samples found: pychopper
[2021-09-26 11:13:31,133] multiqc                                            [DEBUG  ]  No samples found: pycoqc
[2021-09-26 11:13:31,204] multiqc                                            [DEBUG  ]  No samples found: minionqc
[2021-09-26 11:13:31,249] multiqc                                            [DEBUG  ]  No samples found: multivcfanalyzer
[2021-09-26 11:13:31,294] multiqc                                            [DEBUG  ]  No samples found: clusterflow
[2021-09-26 11:13:31,384] multiqc                                            [DEBUG  ]  No samples found: bcl2fastq
[2021-09-26 11:13:31,439] multiqc                                            [DEBUG  ]  No samples found: bclconvert
[2021-09-26 11:13:31,494] multiqc                                            [DEBUG  ]  No samples found: interop
[2021-09-26 11:13:31,531] multiqc                                            [DEBUG  ]  No samples found: ivar
[2021-09-26 11:13:31,579] multiqc                                            [DEBUG  ]  No samples found: flash
[2021-09-26 11:13:31,620] multiqc                                            [DEBUG  ]  No samples found: seqyclean
[2021-09-26 11:13:31,653] multiqc                                            [DEBUG  ]  No samples found: optitype
[2021-09-26 11:13:31,661] multiqc                                            [INFO   ]  Compressing plot data
[2021-09-26 11:13:31,668] multiqc                                            [INFO   ]  Report      : 1_Assembled_Contigs/quast_results/assembly_multiqc_report.html
[2021-09-26 11:13:31,668] multiqc                                            [INFO   ]  Data        : 1_Assembled_Contigs/quast_results/assembly_multiqc_report_data
[2021-09-26 11:13:31,668] multiqc                                            [DEBUG  ]  Moving data file from '/tmp/tmpues2guxz/multiqc_data' to '1_Assembled_Contigs/quast_results/assembly_multiqc_report_data'
[2021-09-26 11:13:31,684] multiqc                                            [INFO   ]  Plots       : 1_Assembled_Contigs/quast_results/assembly_multiqc_report_plots
[2021-09-26 11:13:31,684] multiqc                                            [DEBUG  ]  Moving plots directory from '/tmp/tmpues2guxz/multiqc_plots' to '1_Assembled_Contigs/quast_results/assembly_multiqc_report_plots'
[2021-09-26 11:13:32,886] multiqc                                            [INFO   ]  MultiQC complete
