To execute Trimmomatic run: java -jar $EBROOTTRIMMOMATIC/trimmomatic-0.39.jar
Picked up JAVA_TOOL_OPTIONS: -Xmx2g
TrimmomaticPE: Started with arguments:
 -threads 8 ../0_RawData/0_DNA/Res2_DNA_A5_1.fastq.gz ../0_RawData/0_DNA/Res2_DNA_A5_2.fastq.gz 0_Trimmed_DNA/trimmed_Res2_DNA_A5_1_paired.fastq.gz 0_Trimmed_DNA/trimmed_Res2_DNA_A5_1_unpaired.fastq.gz 0_Trimmed_DNA/trimmed_Res2_DNA_A5_2_paired.fastq.gz 0_Trimmed_DNA/trimmed_Res2_DNA_A5_2_unpaired.fastq.gz ILLUMINACLIP:/cvmfs/soft.computecanada.ca/easybuild/software/2020/Core/trimmomatic/0.39/adapters/TruSeq3-PE.fa:2:30:10:8:keepBothReads SLIDINGWINDOW:4:20 MINLEN:75
Using PrefixPair: 'TACACTCTTTCCCTACACGACGCTCTTCCGATCT' and 'GTGACTGGAGTTCAGACGTGTGCTCTTCCGATCT'
ILLUMINACLIP: Using 1 prefix pairs, 0 forward/reverse sequences, 0 forward only sequences, 0 reverse only sequences
Quality encoding detected as phred33
Input Read Pairs: 45913498 Both Surviving: 36310745 (79.09%) Forward Only Surviving: 4567295 (9.95%) Reverse Only Surviving: 1866265 (4.06%) Dropped: 3169193 (6.90%)
TrimmomaticPE: Completed successfully
Picked up JAVA_TOOL_OPTIONS: -Xmx2g
TrimmomaticPE: Started with arguments:
 -threads 8 ../0_RawData/0_DNA/Res2_DNA_G4_1.fastq.gz ../0_RawData/0_DNA/Res2_DNA_G4_2.fastq.gz 0_Trimmed_DNA/trimmed_Res2_DNA_G4_1_paired.fastq.gz 0_Trimmed_DNA/trimmed_Res2_DNA_G4_1_unpaired.fastq.gz 0_Trimmed_DNA/trimmed_Res2_DNA_G4_2_paired.fastq.gz 0_Trimmed_DNA/trimmed_Res2_DNA_G4_2_unpaired.fastq.gz ILLUMINACLIP:/cvmfs/soft.computecanada.ca/easybuild/software/2020/Core/trimmomatic/0.39/adapters/TruSeq3-PE.fa:2:30:10:8:keepBothReads SLIDINGWINDOW:4:20 MINLEN:75
Using PrefixPair: 'TACACTCTTTCCCTACACGACGCTCTTCCGATCT' and 'GTGACTGGAGTTCAGACGTGTGCTCTTCCGATCT'
ILLUMINACLIP: Using 1 prefix pairs, 0 forward/reverse sequences, 0 forward only sequences, 0 reverse only sequences
Quality encoding detected as phred33
Input Read Pairs: 43131548 Both Surviving: 34477344 (79.94%) Forward Only Surviving: 4598926 (10.66%) Reverse Only Surviving: 1528302 (3.54%) Dropped: 2526976 (5.86%)
TrimmomaticPE: Completed successfully
Picked up JAVA_TOOL_OPTIONS: -Xmx2g
TrimmomaticPE: Started with arguments:
 -threads 8 ../0_RawData/0_DNA/Res2_DNA_G3_1.fastq.gz ../0_RawData/0_DNA/Res2_DNA_G3_2.fastq.gz 0_Trimmed_DNA/trimmed_Res2_DNA_G3_1_paired.fastq.gz 0_Trimmed_DNA/trimmed_Res2_DNA_G3_1_unpaired.fastq.gz 0_Trimmed_DNA/trimmed_Res2_DNA_G3_2_paired.fastq.gz 0_Trimmed_DNA/trimmed_Res2_DNA_G3_2_unpaired.fastq.gz ILLUMINACLIP:/cvmfs/soft.computecanada.ca/easybuild/software/2020/Core/trimmomatic/0.39/adapters/TruSeq3-PE.fa:2:30:10:8:keepBothReads SLIDINGWINDOW:4:20 MINLEN:75
Using PrefixPair: 'TACACTCTTTCCCTACACGACGCTCTTCCGATCT' and 'GTGACTGGAGTTCAGACGTGTGCTCTTCCGATCT'
ILLUMINACLIP: Using 1 prefix pairs, 0 forward/reverse sequences, 0 forward only sequences, 0 reverse only sequences
Quality encoding detected as phred33
Input Read Pairs: 45081260 Both Surviving: 35493632 (78.73%) Forward Only Surviving: 5272614 (11.70%) Reverse Only Surviving: 1506777 (3.34%) Dropped: 2808237 (6.23%)
TrimmomaticPE: Completed successfully
Picked up JAVA_TOOL_OPTIONS: -Xmx2g
TrimmomaticPE: Started with arguments:
 -threads 8 ../0_RawData/0_DNA/Res2_DNA_G2_1.fastq.gz ../0_RawData/0_DNA/Res2_DNA_G2_2.fastq.gz 0_Trimmed_DNA/trimmed_Res2_DNA_G2_1_paired.fastq.gz 0_Trimmed_DNA/trimmed_Res2_DNA_G2_1_unpaired.fastq.gz 0_Trimmed_DNA/trimmed_Res2_DNA_G2_2_paired.fastq.gz 0_Trimmed_DNA/trimmed_Res2_DNA_G2_2_unpaired.fastq.gz ILLUMINACLIP:/cvmfs/soft.computecanada.ca/easybuild/software/2020/Core/trimmomatic/0.39/adapters/TruSeq3-PE.fa:2:30:10:8:keepBothReads SLIDINGWINDOW:4:20 MINLEN:75
Using PrefixPair: 'TACACTCTTTCCCTACACGACGCTCTTCCGATCT' and 'GTGACTGGAGTTCAGACGTGTGCTCTTCCGATCT'
ILLUMINACLIP: Using 1 prefix pairs, 0 forward/reverse sequences, 0 forward only sequences, 0 reverse only sequences
Quality encoding detected as phred33
Input Read Pairs: 45510505 Both Surviving: 35546380 (78.11%) Forward Only Surviving: 5822659 (12.79%) Reverse Only Surviving: 1290283 (2.84%) Dropped: 2851183 (6.26%)
TrimmomaticPE: Completed successfully
Picked up JAVA_TOOL_OPTIONS: -Xmx2g
TrimmomaticPE: Started with arguments:
 -threads 8 ../0_RawData/0_DNA/Res2_DNA_G1_1.fastq.gz ../0_RawData/0_DNA/Res2_DNA_G1_2.fastq.gz 0_Trimmed_DNA/trimmed_Res2_DNA_G1_1_paired.fastq.gz 0_Trimmed_DNA/trimmed_Res2_DNA_G1_1_unpaired.fastq.gz 0_Trimmed_DNA/trimmed_Res2_DNA_G1_2_paired.fastq.gz 0_Trimmed_DNA/trimmed_Res2_DNA_G1_2_unpaired.fastq.gz ILLUMINACLIP:/cvmfs/soft.computecanada.ca/easybuild/software/2020/Core/trimmomatic/0.39/adapters/TruSeq3-PE.fa:2:30:10:8:keepBothReads SLIDINGWINDOW:4:20 MINLEN:75
Using PrefixPair: 'TACACTCTTTCCCTACACGACGCTCTTCCGATCT' and 'GTGACTGGAGTTCAGACGTGTGCTCTTCCGATCT'
ILLUMINACLIP: Using 1 prefix pairs, 0 forward/reverse sequences, 0 forward only sequences, 0 reverse only sequences
Quality encoding detected as phred33
Input Read Pairs: 45290902 Both Surviving: 36367060 (80.30%) Forward Only Surviving: 4724085 (10.43%) Reverse Only Surviving: 1608725 (3.55%) Dropped: 2591032 (5.72%)
TrimmomaticPE: Completed successfully
Picked up JAVA_TOOL_OPTIONS: -Xmx2g
TrimmomaticPE: Started with arguments:
 -threads 8 ../0_RawData/0_DNA/Res2_DNA_F6_1.fastq.gz ../0_RawData/0_DNA/Res2_DNA_F6_2.fastq.gz 0_Trimmed_DNA/trimmed_Res2_DNA_F6_1_paired.fastq.gz 0_Trimmed_DNA/trimmed_Res2_DNA_F6_1_unpaired.fastq.gz 0_Trimmed_DNA/trimmed_Res2_DNA_F6_2_paired.fastq.gz 0_Trimmed_DNA/trimmed_Res2_DNA_F6_2_unpaired.fastq.gz ILLUMINACLIP:/cvmfs/soft.computecanada.ca/easybuild/software/2020/Core/trimmomatic/0.39/adapters/TruSeq3-PE.fa:2:30:10:8:keepBothReads SLIDINGWINDOW:4:20 MINLEN:75
Using PrefixPair: 'TACACTCTTTCCCTACACGACGCTCTTCCGATCT' and 'GTGACTGGAGTTCAGACGTGTGCTCTTCCGATCT'
ILLUMINACLIP: Using 1 prefix pairs, 0 forward/reverse sequences, 0 forward only sequences, 0 reverse only sequences
Quality encoding detected as phred33
Input Read Pairs: 48483284 Both Surviving: 36832238 (75.97%) Forward Only Surviving: 6472448 (13.35%) Reverse Only Surviving: 1481864 (3.06%) Dropped: 3696734 (7.62%)
TrimmomaticPE: Completed successfully
Picked up JAVA_TOOL_OPTIONS: -Xmx2g
TrimmomaticPE: Started with arguments:
 -threads 8 ../0_RawData/0_DNA/Res2_DNA_F5_1.fastq.gz ../0_RawData/0_DNA/Res2_DNA_F5_2.fastq.gz 0_Trimmed_DNA/trimmed_Res2_DNA_F5_1_paired.fastq.gz 0_Trimmed_DNA/trimmed_Res2_DNA_F5_1_unpaired.fastq.gz 0_Trimmed_DNA/trimmed_Res2_DNA_F5_2_paired.fastq.gz 0_Trimmed_DNA/trimmed_Res2_DNA_F5_2_unpaired.fastq.gz ILLUMINACLIP:/cvmfs/soft.computecanada.ca/easybuild/software/2020/Core/trimmomatic/0.39/adapters/TruSeq3-PE.fa:2:30:10:8:keepBothReads SLIDINGWINDOW:4:20 MINLEN:75
Using PrefixPair: 'TACACTCTTTCCCTACACGACGCTCTTCCGATCT' and 'GTGACTGGAGTTCAGACGTGTGCTCTTCCGATCT'
ILLUMINACLIP: Using 1 prefix pairs, 0 forward/reverse sequences, 0 forward only sequences, 0 reverse only sequences
Quality encoding detected as phred33
Input Read Pairs: 50671420 Both Surviving: 38489849 (75.96%) Forward Only Surviving: 6702485 (13.23%) Reverse Only Surviving: 1662814 (3.28%) Dropped: 3816272 (7.53%)
TrimmomaticPE: Completed successfully
Picked up JAVA_TOOL_OPTIONS: -Xmx2g
TrimmomaticPE: Started with arguments:
 -threads 8 ../0_RawData/0_DNA/Res2_DNA_F4_1.fastq.gz ../0_RawData/0_DNA/Res2_DNA_F4_2.fastq.gz 0_Trimmed_DNA/trimmed_Res2_DNA_F4_1_paired.fastq.gz 0_Trimmed_DNA/trimmed_Res2_DNA_F4_1_unpaired.fastq.gz 0_Trimmed_DNA/trimmed_Res2_DNA_F4_2_paired.fastq.gz 0_Trimmed_DNA/trimmed_Res2_DNA_F4_2_unpaired.fastq.gz ILLUMINACLIP:/cvmfs/soft.computecanada.ca/easybuild/software/2020/Core/trimmomatic/0.39/adapters/TruSeq3-PE.fa:2:30:10:8:keepBothReads SLIDINGWINDOW:4:20 MINLEN:75
Using PrefixPair: 'TACACTCTTTCCCTACACGACGCTCTTCCGATCT' and 'GTGACTGGAGTTCAGACGTGTGCTCTTCCGATCT'
ILLUMINACLIP: Using 1 prefix pairs, 0 forward/reverse sequences, 0 forward only sequences, 0 reverse only sequences
Quality encoding detected as phred33
Input Read Pairs: 45613389 Both Surviving: 35152748 (77.07%) Forward Only Surviving: 5149338 (11.29%) Reverse Only Surviving: 1876336 (4.11%) Dropped: 3434967 (7.53%)
TrimmomaticPE: Completed successfully
Picked up JAVA_TOOL_OPTIONS: -Xmx2g
TrimmomaticPE: Started with arguments:
 -threads 8 ../0_RawData/0_DNA/Res2_DNA_F3_1.fastq.gz ../0_RawData/0_DNA/Res2_DNA_F3_2.fastq.gz 0_Trimmed_DNA/trimmed_Res2_DNA_F3_1_paired.fastq.gz 0_Trimmed_DNA/trimmed_Res2_DNA_F3_1_unpaired.fastq.gz 0_Trimmed_DNA/trimmed_Res2_DNA_F3_2_paired.fastq.gz 0_Trimmed_DNA/trimmed_Res2_DNA_F3_2_unpaired.fastq.gz ILLUMINACLIP:/cvmfs/soft.computecanada.ca/easybuild/software/2020/Core/trimmomatic/0.39/adapters/TruSeq3-PE.fa:2:30:10:8:keepBothReads SLIDINGWINDOW:4:20 MINLEN:75
Using PrefixPair: 'TACACTCTTTCCCTACACGACGCTCTTCCGATCT' and 'GTGACTGGAGTTCAGACGTGTGCTCTTCCGATCT'
ILLUMINACLIP: Using 1 prefix pairs, 0 forward/reverse sequences, 0 forward only sequences, 0 reverse only sequences
Quality encoding detected as phred33
Input Read Pairs: 54780701 Both Surviving: 45374831 (82.83%) Forward Only Surviving: 4777491 (8.72%) Reverse Only Surviving: 1860576 (3.40%) Dropped: 2767803 (5.05%)
TrimmomaticPE: Completed successfully
Picked up JAVA_TOOL_OPTIONS: -Xmx2g
TrimmomaticPE: Started with arguments:
 -threads 8 ../0_RawData/0_DNA/Res2_DNA_F2_1.fastq.gz ../0_RawData/0_DNA/Res2_DNA_F2_2.fastq.gz 0_Trimmed_DNA/trimmed_Res2_DNA_F2_1_paired.fastq.gz 0_Trimmed_DNA/trimmed_Res2_DNA_F2_1_unpaired.fastq.gz 0_Trimmed_DNA/trimmed_Res2_DNA_F2_2_paired.fastq.gz 0_Trimmed_DNA/trimmed_Res2_DNA_F2_2_unpaired.fastq.gz ILLUMINACLIP:/cvmfs/soft.computecanada.ca/easybuild/software/2020/Core/trimmomatic/0.39/adapters/TruSeq3-PE.fa:2:30:10:8:keepBothReads SLIDINGWINDOW:4:20 MINLEN:75
Using PrefixPair: 'TACACTCTTTCCCTACACGACGCTCTTCCGATCT' and 'GTGACTGGAGTTCAGACGTGTGCTCTTCCGATCT'
ILLUMINACLIP: Using 1 prefix pairs, 0 forward/reverse sequences, 0 forward only sequences, 0 reverse only sequences
Quality encoding detected as phred33
Input Read Pairs: 45726134 Both Surviving: 35661377 (77.99%) Forward Only Surviving: 5011517 (10.96%) Reverse Only Surviving: 1800411 (3.94%) Dropped: 3252829 (7.11%)
TrimmomaticPE: Completed successfully
Picked up JAVA_TOOL_OPTIONS: -Xmx2g
TrimmomaticPE: Started with arguments:
 -threads 8 ../0_RawData/0_DNA/Res2_DNA_F1_1.fastq.gz ../0_RawData/0_DNA/Res2_DNA_F1_2.fastq.gz 0_Trimmed_DNA/trimmed_Res2_DNA_F1_1_paired.fastq.gz 0_Trimmed_DNA/trimmed_Res2_DNA_F1_1_unpaired.fastq.gz 0_Trimmed_DNA/trimmed_Res2_DNA_F1_2_paired.fastq.gz 0_Trimmed_DNA/trimmed_Res2_DNA_F1_2_unpaired.fastq.gz ILLUMINACLIP:/cvmfs/soft.computecanada.ca/easybuild/software/2020/Core/trimmomatic/0.39/adapters/TruSeq3-PE.fa:2:30:10:8:keepBothReads SLIDINGWINDOW:4:20 MINLEN:75
Using PrefixPair: 'TACACTCTTTCCCTACACGACGCTCTTCCGATCT' and 'GTGACTGGAGTTCAGACGTGTGCTCTTCCGATCT'
ILLUMINACLIP: Using 1 prefix pairs, 0 forward/reverse sequences, 0 forward only sequences, 0 reverse only sequences
Quality encoding detected as phred33
Input Read Pairs: 43484760 Both Surviving: 33691770 (77.48%) Forward Only Surviving: 4824964 (11.10%) Reverse Only Surviving: 1728888 (3.98%) Dropped: 3239138 (7.45%)
TrimmomaticPE: Completed successfully
Picked up JAVA_TOOL_OPTIONS: -Xmx2g
TrimmomaticPE: Started with arguments:
 -threads 8 ../0_RawData/0_DNA/Res2_DNA_A4_1.fastq.gz ../0_RawData/0_DNA/Res2_DNA_A4_2.fastq.gz 0_Trimmed_DNA/trimmed_Res2_DNA_A4_1_paired.fastq.gz 0_Trimmed_DNA/trimmed_Res2_DNA_A4_1_unpaired.fastq.gz 0_Trimmed_DNA/trimmed_Res2_DNA_A4_2_paired.fastq.gz 0_Trimmed_DNA/trimmed_Res2_DNA_A4_2_unpaired.fastq.gz ILLUMINACLIP:/cvmfs/soft.computecanada.ca/easybuild/software/2020/Core/trimmomatic/0.39/adapters/TruSeq3-PE.fa:2:30:10:8:keepBothReads SLIDINGWINDOW:4:20 MINLEN:75
Using PrefixPair: 'TACACTCTTTCCCTACACGACGCTCTTCCGATCT' and 'GTGACTGGAGTTCAGACGTGTGCTCTTCCGATCT'
ILLUMINACLIP: Using 1 prefix pairs, 0 forward/reverse sequences, 0 forward only sequences, 0 reverse only sequences
Quality encoding detected as phred33
Input Read Pairs: 44276210 Both Surviving: 35303377 (79.73%) Forward Only Surviving: 4208440 (9.50%) Reverse Only Surviving: 1844294 (4.17%) Dropped: 2920099 (6.60%)
TrimmomaticPE: Completed successfully
