To execute Trimmomatic run: java -jar $EBROOTTRIMMOMATIC/trimmomatic-0.39.jar
Picked up JAVA_TOOL_OPTIONS: -Xmx2g
TrimmomaticPE: Started with arguments:
 -threads 8 ../0_RawData/0_DNA/Res2_DNA_E6_1.fastq.gz ../0_RawData/0_DNA/Res2_DNA_E6_2.fastq.gz 0_Trimmed_DNA/trimmed_Res2_DNA_E6_1_paired.fastq.gz 0_Trimmed_DNA/trimmed_Res2_DNA_E6_1_unpaired.fastq.gz 0_Trimmed_DNA/trimmed_Res2_DNA_E6_2_paired.fastq.gz 0_Trimmed_DNA/trimmed_Res2_DNA_E6_2_unpaired.fastq.gz ILLUMINACLIP:/cvmfs/soft.computecanada.ca/easybuild/software/2020/Core/trimmomatic/0.39/adapters/TruSeq3-PE.fa:2:30:10:8:keepBothReads SLIDINGWINDOW:4:20 MINLEN:75
Using PrefixPair: 'TACACTCTTTCCCTACACGACGCTCTTCCGATCT' and 'GTGACTGGAGTTCAGACGTGTGCTCTTCCGATCT'
ILLUMINACLIP: Using 1 prefix pairs, 0 forward/reverse sequences, 0 forward only sequences, 0 reverse only sequences
Quality encoding detected as phred33
Input Read Pairs: 42776481 Both Surviving: 32902235 (76.92%) Forward Only Surviving: 4667518 (10.91%) Reverse Only Surviving: 1904890 (4.45%) Dropped: 3301838 (7.72%)
TrimmomaticPE: Completed successfully
Picked up JAVA_TOOL_OPTIONS: -Xmx2g
TrimmomaticPE: Started with arguments:
 -threads 8 ../0_RawData/0_DNA/Res2_DNA_E5_1.fastq.gz ../0_RawData/0_DNA/Res2_DNA_E5_2.fastq.gz 0_Trimmed_DNA/trimmed_Res2_DNA_E5_1_paired.fastq.gz 0_Trimmed_DNA/trimmed_Res2_DNA_E5_1_unpaired.fastq.gz 0_Trimmed_DNA/trimmed_Res2_DNA_E5_2_paired.fastq.gz 0_Trimmed_DNA/trimmed_Res2_DNA_E5_2_unpaired.fastq.gz ILLUMINACLIP:/cvmfs/soft.computecanada.ca/easybuild/software/2020/Core/trimmomatic/0.39/adapters/TruSeq3-PE.fa:2:30:10:8:keepBothReads SLIDINGWINDOW:4:20 MINLEN:75
Using PrefixPair: 'TACACTCTTTCCCTACACGACGCTCTTCCGATCT' and 'GTGACTGGAGTTCAGACGTGTGCTCTTCCGATCT'
ILLUMINACLIP: Using 1 prefix pairs, 0 forward/reverse sequences, 0 forward only sequences, 0 reverse only sequences
Quality encoding detected as phred33
Input Read Pairs: 46064456 Both Surviving: 36290843 (78.78%) Forward Only Surviving: 4835771 (10.50%) Reverse Only Surviving: 1846733 (4.01%) Dropped: 3091109 (6.71%)
TrimmomaticPE: Completed successfully
Picked up JAVA_TOOL_OPTIONS: -Xmx2g
TrimmomaticPE: Started with arguments:
 -threads 8 ../0_RawData/0_DNA/Res2_DNA_E4_1.fastq.gz ../0_RawData/0_DNA/Res2_DNA_E4_2.fastq.gz 0_Trimmed_DNA/trimmed_Res2_DNA_E4_1_paired.fastq.gz 0_Trimmed_DNA/trimmed_Res2_DNA_E4_1_unpaired.fastq.gz 0_Trimmed_DNA/trimmed_Res2_DNA_E4_2_paired.fastq.gz 0_Trimmed_DNA/trimmed_Res2_DNA_E4_2_unpaired.fastq.gz ILLUMINACLIP:/cvmfs/soft.computecanada.ca/easybuild/software/2020/Core/trimmomatic/0.39/adapters/TruSeq3-PE.fa:2:30:10:8:keepBothReads SLIDINGWINDOW:4:20 MINLEN:75
Using PrefixPair: 'TACACTCTTTCCCTACACGACGCTCTTCCGATCT' and 'GTGACTGGAGTTCAGACGTGTGCTCTTCCGATCT'
ILLUMINACLIP: Using 1 prefix pairs, 0 forward/reverse sequences, 0 forward only sequences, 0 reverse only sequences
Quality encoding detected as phred33
Input Read Pairs: 41678212 Both Surviving: 32015951 (76.82%) Forward Only Surviving: 4572807 (10.97%) Reverse Only Surviving: 1900442 (4.56%) Dropped: 3189012 (7.65%)
TrimmomaticPE: Completed successfully
Picked up JAVA_TOOL_OPTIONS: -Xmx2g
TrimmomaticPE: Started with arguments:
 -threads 8 ../0_RawData/0_DNA/Res2_DNA_E3_1.fastq.gz ../0_RawData/0_DNA/Res2_DNA_E3_2.fastq.gz 0_Trimmed_DNA/trimmed_Res2_DNA_E3_1_paired.fastq.gz 0_Trimmed_DNA/trimmed_Res2_DNA_E3_1_unpaired.fastq.gz 0_Trimmed_DNA/trimmed_Res2_DNA_E3_2_paired.fastq.gz 0_Trimmed_DNA/trimmed_Res2_DNA_E3_2_unpaired.fastq.gz ILLUMINACLIP:/cvmfs/soft.computecanada.ca/easybuild/software/2020/Core/trimmomatic/0.39/adapters/TruSeq3-PE.fa:2:30:10:8:keepBothReads SLIDINGWINDOW:4:20 MINLEN:75
Using PrefixPair: 'TACACTCTTTCCCTACACGACGCTCTTCCGATCT' and 'GTGACTGGAGTTCAGACGTGTGCTCTTCCGATCT'
ILLUMINACLIP: Using 1 prefix pairs, 0 forward/reverse sequences, 0 forward only sequences, 0 reverse only sequences
Quality encoding detected as phred33
Input Read Pairs: 44122915 Both Surviving: 34455063 (78.09%) Forward Only Surviving: 4565276 (10.35%) Reverse Only Surviving: 1964253 (4.45%) Dropped: 3138323 (7.11%)
TrimmomaticPE: Completed successfully
Picked up JAVA_TOOL_OPTIONS: -Xmx2g
TrimmomaticPE: Started with arguments:
 -threads 8 ../0_RawData/0_DNA/Res2_DNA_E2_1.fastq.gz ../0_RawData/0_DNA/Res2_DNA_E2_2.fastq.gz 0_Trimmed_DNA/trimmed_Res2_DNA_E2_1_paired.fastq.gz 0_Trimmed_DNA/trimmed_Res2_DNA_E2_1_unpaired.fastq.gz 0_Trimmed_DNA/trimmed_Res2_DNA_E2_2_paired.fastq.gz 0_Trimmed_DNA/trimmed_Res2_DNA_E2_2_unpaired.fastq.gz ILLUMINACLIP:/cvmfs/soft.computecanada.ca/easybuild/software/2020/Core/trimmomatic/0.39/adapters/TruSeq3-PE.fa:2:30:10:8:keepBothReads SLIDINGWINDOW:4:20 MINLEN:75
Using PrefixPair: 'TACACTCTTTCCCTACACGACGCTCTTCCGATCT' and 'GTGACTGGAGTTCAGACGTGTGCTCTTCCGATCT'
ILLUMINACLIP: Using 1 prefix pairs, 0 forward/reverse sequences, 0 forward only sequences, 0 reverse only sequences
Quality encoding detected as phred33
Input Read Pairs: 45911174 Both Surviving: 34365057 (74.85%) Forward Only Surviving: 6352862 (13.84%) Reverse Only Surviving: 1502047 (3.27%) Dropped: 3691208 (8.04%)
TrimmomaticPE: Completed successfully
Picked up JAVA_TOOL_OPTIONS: -Xmx2g
TrimmomaticPE: Started with arguments:
 -threads 8 ../0_RawData/0_DNA/Res2_DNA_E1_1.fastq.gz ../0_RawData/0_DNA/Res2_DNA_E1_2.fastq.gz 0_Trimmed_DNA/trimmed_Res2_DNA_E1_1_paired.fastq.gz 0_Trimmed_DNA/trimmed_Res2_DNA_E1_1_unpaired.fastq.gz 0_Trimmed_DNA/trimmed_Res2_DNA_E1_2_paired.fastq.gz 0_Trimmed_DNA/trimmed_Res2_DNA_E1_2_unpaired.fastq.gz ILLUMINACLIP:/cvmfs/soft.computecanada.ca/easybuild/software/2020/Core/trimmomatic/0.39/adapters/TruSeq3-PE.fa:2:30:10:8:keepBothReads SLIDINGWINDOW:4:20 MINLEN:75
Using PrefixPair: 'TACACTCTTTCCCTACACGACGCTCTTCCGATCT' and 'GTGACTGGAGTTCAGACGTGTGCTCTTCCGATCT'
ILLUMINACLIP: Using 1 prefix pairs, 0 forward/reverse sequences, 0 forward only sequences, 0 reverse only sequences
Quality encoding detected as phred33
Input Read Pairs: 46546574 Both Surviving: 37748985 (81.10%) Forward Only Surviving: 4217529 (9.06%) Reverse Only Surviving: 1847644 (3.97%) Dropped: 2732416 (5.87%)
TrimmomaticPE: Completed successfully
Picked up JAVA_TOOL_OPTIONS: -Xmx2g
TrimmomaticPE: Started with arguments:
 -threads 8 ../0_RawData/0_DNA/Res2_DNA_D6_1.fastq.gz ../0_RawData/0_DNA/Res2_DNA_D6_2.fastq.gz 0_Trimmed_DNA/trimmed_Res2_DNA_D6_1_paired.fastq.gz 0_Trimmed_DNA/trimmed_Res2_DNA_D6_1_unpaired.fastq.gz 0_Trimmed_DNA/trimmed_Res2_DNA_D6_2_paired.fastq.gz 0_Trimmed_DNA/trimmed_Res2_DNA_D6_2_unpaired.fastq.gz ILLUMINACLIP:/cvmfs/soft.computecanada.ca/easybuild/software/2020/Core/trimmomatic/0.39/adapters/TruSeq3-PE.fa:2:30:10:8:keepBothReads SLIDINGWINDOW:4:20 MINLEN:75
Using PrefixPair: 'TACACTCTTTCCCTACACGACGCTCTTCCGATCT' and 'GTGACTGGAGTTCAGACGTGTGCTCTTCCGATCT'
ILLUMINACLIP: Using 1 prefix pairs, 0 forward/reverse sequences, 0 forward only sequences, 0 reverse only sequences
Quality encoding detected as phred33
Input Read Pairs: 43081891 Both Surviving: 33527415 (77.82%) Forward Only Surviving: 5055520 (11.73%) Reverse Only Surviving: 1502970 (3.49%) Dropped: 2995986 (6.95%)
TrimmomaticPE: Completed successfully
Picked up JAVA_TOOL_OPTIONS: -Xmx2g
TrimmomaticPE: Started with arguments:
 -threads 8 ../0_RawData/0_DNA/Res2_DNA_D5_1.fastq.gz ../0_RawData/0_DNA/Res2_DNA_D5_2.fastq.gz 0_Trimmed_DNA/trimmed_Res2_DNA_D5_1_paired.fastq.gz 0_Trimmed_DNA/trimmed_Res2_DNA_D5_1_unpaired.fastq.gz 0_Trimmed_DNA/trimmed_Res2_DNA_D5_2_paired.fastq.gz 0_Trimmed_DNA/trimmed_Res2_DNA_D5_2_unpaired.fastq.gz ILLUMINACLIP:/cvmfs/soft.computecanada.ca/easybuild/software/2020/Core/trimmomatic/0.39/adapters/TruSeq3-PE.fa:2:30:10:8:keepBothReads SLIDINGWINDOW:4:20 MINLEN:75
Using PrefixPair: 'TACACTCTTTCCCTACACGACGCTCTTCCGATCT' and 'GTGACTGGAGTTCAGACGTGTGCTCTTCCGATCT'
ILLUMINACLIP: Using 1 prefix pairs, 0 forward/reverse sequences, 0 forward only sequences, 0 reverse only sequences
Quality encoding detected as phred33
Input Read Pairs: 40494299 Both Surviving: 31303811 (77.30%) Forward Only Surviving: 4651350 (11.49%) Reverse Only Surviving: 1620394 (4.00%) Dropped: 2918744 (7.21%)
TrimmomaticPE: Completed successfully
Picked up JAVA_TOOL_OPTIONS: -Xmx2g
TrimmomaticPE: Started with arguments:
 -threads 8 ../0_RawData/0_DNA/Res2_DNA_D4_1.fastq.gz ../0_RawData/0_DNA/Res2_DNA_D4_2.fastq.gz 0_Trimmed_DNA/trimmed_Res2_DNA_D4_1_paired.fastq.gz 0_Trimmed_DNA/trimmed_Res2_DNA_D4_1_unpaired.fastq.gz 0_Trimmed_DNA/trimmed_Res2_DNA_D4_2_paired.fastq.gz 0_Trimmed_DNA/trimmed_Res2_DNA_D4_2_unpaired.fastq.gz ILLUMINACLIP:/cvmfs/soft.computecanada.ca/easybuild/software/2020/Core/trimmomatic/0.39/adapters/TruSeq3-PE.fa:2:30:10:8:keepBothReads SLIDINGWINDOW:4:20 MINLEN:75
Using PrefixPair: 'TACACTCTTTCCCTACACGACGCTCTTCCGATCT' and 'GTGACTGGAGTTCAGACGTGTGCTCTTCCGATCT'
ILLUMINACLIP: Using 1 prefix pairs, 0 forward/reverse sequences, 0 forward only sequences, 0 reverse only sequences
Quality encoding detected as phred33
Input Read Pairs: 49816087 Both Surviving: 38905219 (78.10%) Forward Only Surviving: 5952606 (11.95%) Reverse Only Surviving: 1658403 (3.33%) Dropped: 3299859 (6.62%)
TrimmomaticPE: Completed successfully
Picked up JAVA_TOOL_OPTIONS: -Xmx2g
TrimmomaticPE: Started with arguments:
 -threads 8 ../0_RawData/0_DNA/Res2_DNA_D3_1.fastq.gz ../0_RawData/0_DNA/Res2_DNA_D3_2.fastq.gz 0_Trimmed_DNA/trimmed_Res2_DNA_D3_1_paired.fastq.gz 0_Trimmed_DNA/trimmed_Res2_DNA_D3_1_unpaired.fastq.gz 0_Trimmed_DNA/trimmed_Res2_DNA_D3_2_paired.fastq.gz 0_Trimmed_DNA/trimmed_Res2_DNA_D3_2_unpaired.fastq.gz ILLUMINACLIP:/cvmfs/soft.computecanada.ca/easybuild/software/2020/Core/trimmomatic/0.39/adapters/TruSeq3-PE.fa:2:30:10:8:keepBothReads SLIDINGWINDOW:4:20 MINLEN:75
Using PrefixPair: 'TACACTCTTTCCCTACACGACGCTCTTCCGATCT' and 'GTGACTGGAGTTCAGACGTGTGCTCTTCCGATCT'
ILLUMINACLIP: Using 1 prefix pairs, 0 forward/reverse sequences, 0 forward only sequences, 0 reverse only sequences
Quality encoding detected as phred33
Input Read Pairs: 46556052 Both Surviving: 35564949 (76.39%) Forward Only Surviving: 6197899 (13.31%) Reverse Only Surviving: 1430971 (3.07%) Dropped: 3362233 (7.22%)
TrimmomaticPE: Completed successfully
Picked up JAVA_TOOL_OPTIONS: -Xmx2g
TrimmomaticPE: Started with arguments:
 -threads 8 ../0_RawData/0_DNA/Res2_DNA_A3_1.fastq.gz ../0_RawData/0_DNA/Res2_DNA_A3_2.fastq.gz 0_Trimmed_DNA/trimmed_Res2_DNA_A3_1_paired.fastq.gz 0_Trimmed_DNA/trimmed_Res2_DNA_A3_1_unpaired.fastq.gz 0_Trimmed_DNA/trimmed_Res2_DNA_A3_2_paired.fastq.gz 0_Trimmed_DNA/trimmed_Res2_DNA_A3_2_unpaired.fastq.gz ILLUMINACLIP:/cvmfs/soft.computecanada.ca/easybuild/software/2020/Core/trimmomatic/0.39/adapters/TruSeq3-PE.fa:2:30:10:8:keepBothReads SLIDINGWINDOW:4:20 MINLEN:75
Using PrefixPair: 'TACACTCTTTCCCTACACGACGCTCTTCCGATCT' and 'GTGACTGGAGTTCAGACGTGTGCTCTTCCGATCT'
ILLUMINACLIP: Using 1 prefix pairs, 0 forward/reverse sequences, 0 forward only sequences, 0 reverse only sequences
Quality encoding detected as phred33
Input Read Pairs: 49852129 Both Surviving: 40465111 (81.17%) Forward Only Surviving: 4545740 (9.12%) Reverse Only Surviving: 1929831 (3.87%) Dropped: 2911447 (5.84%)
TrimmomaticPE: Completed successfully
Picked up JAVA_TOOL_OPTIONS: -Xmx2g
TrimmomaticPE: Started with arguments:
 -threads 8 ../0_RawData/0_DNA/Res2_DNA_D2_1.fastq.gz ../0_RawData/0_DNA/Res2_DNA_D2_2.fastq.gz 0_Trimmed_DNA/trimmed_Res2_DNA_D2_1_paired.fastq.gz 0_Trimmed_DNA/trimmed_Res2_DNA_D2_1_unpaired.fastq.gz 0_Trimmed_DNA/trimmed_Res2_DNA_D2_2_paired.fastq.gz 0_Trimmed_DNA/trimmed_Res2_DNA_D2_2_unpaired.fastq.gz ILLUMINACLIP:/cvmfs/soft.computecanada.ca/easybuild/software/2020/Core/trimmomatic/0.39/adapters/TruSeq3-PE.fa:2:30:10:8:keepBothReads SLIDINGWINDOW:4:20 MINLEN:75
Using PrefixPair: 'TACACTCTTTCCCTACACGACGCTCTTCCGATCT' and 'GTGACTGGAGTTCAGACGTGTGCTCTTCCGATCT'
ILLUMINACLIP: Using 1 prefix pairs, 0 forward/reverse sequences, 0 forward only sequences, 0 reverse only sequences
Quality encoding detected as phred33
Input Read Pairs: 45774173 Both Surviving: 36592485 (79.94%) Forward Only Surviving: 4561757 (9.97%) Reverse Only Surviving: 1827528 (3.99%) Dropped: 2792403 (6.10%)
TrimmomaticPE: Completed successfully
