
Lmod is automatically replacing "intel/2020.1.217" with "gcc/9.3.0".

2021-09-10 12:36:34 - MEGAHIT v1.2.9
2021-09-10 12:36:34 - Using megahit_core with POPCNT and BMI2 support
2021-09-10 12:36:34 - Convert reads to binary library
2021-09-10 12:38:19 - b'INFO  sequence/io/sequence_lib.cpp  :   75 - Lib 0 (/project/6003890/ssutclif/temp_storage/Third_Aim/1_QCReads/3_Decontaminated_DNA/Res2_DNA_F1_paired_decontaminated.fastq.1.gz,/project/6003890/ssutclif/temp_storage/Third_Aim/1_QCReads/3_Decontaminated_DNA/Res2_DNA_F1_paired_decontaminated.fastq.2.gz): pe, 67373694 reads, 126 max length'
2021-09-10 12:40:10 - b'INFO  sequence/io/sequence_lib.cpp  :   75 - Lib 1 (/project/6003890/ssutclif/temp_storage/Third_Aim/1_QCReads/3_Decontaminated_DNA/Res2_DNA_F2_paired_decontaminated.fastq.1.gz,/project/6003890/ssutclif/temp_storage/Third_Aim/1_QCReads/3_Decontaminated_DNA/Res2_DNA_F2_paired_decontaminated.fastq.2.gz): pe, 71214568 reads, 126 max length'
2021-09-10 12:42:29 - b'INFO  sequence/io/sequence_lib.cpp  :   75 - Lib 2 (/project/6003890/ssutclif/temp_storage/Third_Aim/1_QCReads/3_Decontaminated_DNA/Res2_DNA_F3_paired_decontaminated.fastq.1.gz,/project/6003890/ssutclif/temp_storage/Third_Aim/1_QCReads/3_Decontaminated_DNA/Res2_DNA_F3_paired_decontaminated.fastq.2.gz): pe, 90623444 reads, 126 max length'
2021-09-10 12:44:18 - b'INFO  sequence/io/sequence_lib.cpp  :   75 - Lib 3 (/project/6003890/ssutclif/temp_storage/Third_Aim/1_QCReads/3_Decontaminated_DNA/Res2_DNA_F4_paired_decontaminated.fastq.1.gz,/project/6003890/ssutclif/temp_storage/Third_Aim/1_QCReads/3_Decontaminated_DNA/Res2_DNA_F4_paired_decontaminated.fastq.2.gz): pe, 70130426 reads, 126 max length'
2021-09-10 12:46:15 - b'INFO  sequence/io/sequence_lib.cpp  :   75 - Lib 4 (/project/6003890/ssutclif/temp_storage/Third_Aim/1_QCReads/3_Decontaminated_DNA/Res2_DNA_F5_paired_decontaminated.fastq.1.gz,/project/6003890/ssutclif/temp_storage/Third_Aim/1_QCReads/3_Decontaminated_DNA/Res2_DNA_F5_paired_decontaminated.fastq.2.gz): pe, 75330458 reads, 126 max length'
2021-09-10 12:48:09 - b'INFO  sequence/io/sequence_lib.cpp  :   75 - Lib 5 (/project/6003890/ssutclif/temp_storage/Third_Aim/1_QCReads/3_Decontaminated_DNA/Res2_DNA_F6_paired_decontaminated.fastq.1.gz,/project/6003890/ssutclif/temp_storage/Third_Aim/1_QCReads/3_Decontaminated_DNA/Res2_DNA_F6_paired_decontaminated.fastq.2.gz): pe, 73307112 reads, 126 max length'
2021-09-10 12:48:09 - b'INFO  utils/utils.h                 :  152 - Real: 695.0468\tuser: 452.8167\tsys: 92.5220\tmaxrss: 272200'
2021-09-10 12:48:09 - k-max reset to: 141 
2021-09-10 12:48:09 - Start assembly. Number of CPU threads 12 
2021-09-10 12:48:09 - k list: 21,29,39,59,79,99,119,141 
2021-09-10 12:48:09 - Memory used: 243352586649
2021-09-10 12:48:09 - Extract solid (k+1)-mers for k = 21 
2021-09-10 13:27:47 - Build graph for k = 21 
2021-09-10 13:36:13 - Assemble contigs from SdBG for k = 21
2021-09-10 14:04:38 - Local assembly for k = 21
2021-09-10 14:25:50 - Extract iterative edges from k = 21 to 29 
2021-09-10 14:38:15 - Build graph for k = 29 
2021-09-10 14:47:23 - Assemble contigs from SdBG for k = 29
2021-09-10 15:00:40 - Local assembly for k = 29
2021-09-10 15:25:37 - Extract iterative edges from k = 29 to 39 
2021-09-10 15:30:30 - Build graph for k = 39 
2021-09-10 15:36:48 - Assemble contigs from SdBG for k = 39
2021-09-10 15:48:10 - Local assembly for k = 39
2021-09-10 16:23:07 - Extract iterative edges from k = 39 to 59 
2021-09-10 16:30:59 - Build graph for k = 59 
2021-09-10 16:36:21 - Assemble contigs from SdBG for k = 59
2021-09-10 16:45:42 - Local assembly for k = 59
2021-09-10 17:20:08 - Extract iterative edges from k = 59 to 79 
2021-09-10 17:23:36 - Build graph for k = 79 
2021-09-10 17:27:23 - Assemble contigs from SdBG for k = 79
2021-09-10 17:36:02 - Local assembly for k = 79
2021-09-10 18:07:17 - Extract iterative edges from k = 79 to 99 
2021-09-10 18:11:15 - Build graph for k = 99 
2021-09-10 18:14:21 - Assemble contigs from SdBG for k = 99
2021-09-10 18:22:15 - Local assembly for k = 99
2021-09-10 18:50:57 - Extract iterative edges from k = 99 to 119 
2021-09-10 18:53:14 - Build graph for k = 119 
2021-09-10 18:56:00 - Assemble contigs from SdBG for k = 119
2021-09-10 19:03:17 - Local assembly for k = 119
2021-09-10 19:29:21 - Extract iterative edges from k = 119 to 141 
2021-09-10 19:30:06 - Build graph for k = 141 
2021-09-10 19:31:57 - Assemble contigs from SdBG for k = 141
2021-09-10 19:38:13 - Merging to output final contigs 
2021-09-10 19:38:18 - 90742 contigs, total 647144113 bp, min 1500 bp, max 890825 bp, avg 7131 bp, N50 16575 bp
2021-09-10 19:38:18 - ALL DONE. Time elapsed: 25304.328037 seconds 
