
Lmod is automatically replacing "intel/2020.1.217" with "gcc/9.3.0".

2021-09-10 06:54:48 - MEGAHIT v1.2.9
2021-09-10 06:54:48 - Using megahit_core with POPCNT and BMI2 support
2021-09-10 06:54:48 - Convert reads to binary library
2021-09-10 06:56:29 - b'INFO  sequence/io/sequence_lib.cpp  :   75 - Lib 0 (/project/6003890/ssutclif/temp_storage/Third_Aim/1_QCReads/3_Decontaminated_DNA/Res2_DNA_G1_paired_decontaminated.fastq.1.gz,/project/6003890/ssutclif/temp_storage/Third_Aim/1_QCReads/3_Decontaminated_DNA/Res2_DNA_G1_paired_decontaminated.fastq.2.gz): pe, 72725630 reads, 126 max length'
2021-09-10 06:58:08 - b'INFO  sequence/io/sequence_lib.cpp  :   75 - Lib 1 (/project/6003890/ssutclif/temp_storage/Third_Aim/1_QCReads/3_Decontaminated_DNA/Res2_DNA_G2_paired_decontaminated.fastq.1.gz,/project/6003890/ssutclif/temp_storage/Third_Aim/1_QCReads/3_Decontaminated_DNA/Res2_DNA_G2_paired_decontaminated.fastq.2.gz): pe, 71065420 reads, 126 max length'
2021-09-10 06:59:47 - b'INFO  sequence/io/sequence_lib.cpp  :   75 - Lib 2 (/project/6003890/ssutclif/temp_storage/Third_Aim/1_QCReads/3_Decontaminated_DNA/Res2_DNA_G3_paired_decontaminated.fastq.1.gz,/project/6003890/ssutclif/temp_storage/Third_Aim/1_QCReads/3_Decontaminated_DNA/Res2_DNA_G3_paired_decontaminated.fastq.2.gz): pe, 70957728 reads, 126 max length'
2021-09-10 07:01:23 - b'INFO  sequence/io/sequence_lib.cpp  :   75 - Lib 3 (/project/6003890/ssutclif/temp_storage/Third_Aim/1_QCReads/3_Decontaminated_DNA/Res2_DNA_G4_paired_decontaminated.fastq.1.gz,/project/6003890/ssutclif/temp_storage/Third_Aim/1_QCReads/3_Decontaminated_DNA/Res2_DNA_G4_paired_decontaminated.fastq.2.gz): pe, 68916526 reads, 126 max length'
2021-09-10 07:03:21 - b'INFO  sequence/io/sequence_lib.cpp  :   75 - Lib 4 (/project/6003890/ssutclif/temp_storage/Third_Aim/1_QCReads/3_Decontaminated_DNA/Res2_DNA_G5_paired_decontaminated.fastq.1.gz,/project/6003890/ssutclif/temp_storage/Third_Aim/1_QCReads/3_Decontaminated_DNA/Res2_DNA_G5_paired_decontaminated.fastq.2.gz): pe, 84296558 reads, 126 max length'
2021-09-10 07:04:58 - b'INFO  sequence/io/sequence_lib.cpp  :   75 - Lib 5 (/project/6003890/ssutclif/temp_storage/Third_Aim/1_QCReads/3_Decontaminated_DNA/Res2_DNA_G6_paired_decontaminated.fastq.1.gz,/project/6003890/ssutclif/temp_storage/Third_Aim/1_QCReads/3_Decontaminated_DNA/Res2_DNA_G6_paired_decontaminated.fastq.2.gz): pe, 69252988 reads, 126 max length'
2021-09-10 07:04:58 - b'INFO  utils/utils.h                 :  152 - Real: 609.8395\tuser: 387.9470\tsys: 60.2691\tmaxrss: 272224'
2021-09-10 07:04:58 - k-max reset to: 141 
2021-09-10 07:04:58 - Start assembly. Number of CPU threads 12 
2021-09-10 07:04:58 - k list: 21,29,39,59,79,99,119,141 
2021-09-10 07:04:58 - Memory used: 181213570252
2021-09-10 07:04:58 - Extract solid (k+1)-mers for k = 21 
2021-09-10 07:37:30 - Build graph for k = 21 
2021-09-10 07:42:48 - Assemble contigs from SdBG for k = 21
2021-09-10 07:56:14 - Local assembly for k = 21
2021-09-10 08:07:34 - Extract iterative edges from k = 21 to 29 
2021-09-10 08:14:07 - Build graph for k = 29 
2021-09-10 08:17:18 - Assemble contigs from SdBG for k = 29
2021-09-10 08:23:05 - Local assembly for k = 29
2021-09-10 08:35:16 - Extract iterative edges from k = 29 to 39 
2021-09-10 08:40:08 - Build graph for k = 39 
2021-09-10 08:42:12 - Assemble contigs from SdBG for k = 39
2021-09-10 08:47:18 - Local assembly for k = 39
2021-09-10 09:02:41 - Extract iterative edges from k = 39 to 59 
2021-09-10 09:07:14 - Build graph for k = 59 
2021-09-10 09:08:55 - Assemble contigs from SdBG for k = 59
2021-09-10 09:12:54 - Local assembly for k = 59
2021-09-10 09:27:39 - Extract iterative edges from k = 59 to 79 
2021-09-10 09:30:09 - Build graph for k = 79 
2021-09-10 09:31:21 - Assemble contigs from SdBG for k = 79
2021-09-10 09:34:54 - Local assembly for k = 79
2021-09-10 09:48:08 - Extract iterative edges from k = 79 to 99 
2021-09-10 09:51:35 - Build graph for k = 99 
2021-09-10 09:52:31 - Assemble contigs from SdBG for k = 99
2021-09-10 09:55:40 - Local assembly for k = 99
2021-09-10 10:07:54 - Extract iterative edges from k = 99 to 119 
2021-09-10 10:09:32 - Build graph for k = 119 
2021-09-10 10:10:19 - Assemble contigs from SdBG for k = 119
2021-09-10 10:13:10 - Local assembly for k = 119
2021-09-10 10:24:13 - Extract iterative edges from k = 119 to 141 
2021-09-10 10:24:47 - Build graph for k = 141 
2021-09-10 10:25:21 - Assemble contigs from SdBG for k = 141
2021-09-10 10:27:50 - Merging to output final contigs 
2021-09-10 10:27:51 - 41229 contigs, total 282670384 bp, min 1500 bp, max 538557 bp, avg 6856 bp, N50 15137 bp
2021-09-10 10:27:51 - ALL DONE. Time elapsed: 12783.247641 seconds 
