
Lmod is automatically replacing "intel/2020.1.217" with "gcc/9.3.0".

2021-09-10 12:36:34 - MEGAHIT v1.2.9
2021-09-10 12:36:35 - Using megahit_core with POPCNT and BMI2 support
2021-09-10 12:36:35 - Convert reads to binary library
2021-09-10 12:38:14 - b'INFO  sequence/io/sequence_lib.cpp  :   75 - Lib 0 (/project/6003890/ssutclif/temp_storage/Third_Aim/1_QCReads/3_Decontaminated_DNA/Res2_DNA_D1_paired_decontaminated.fastq.1.gz,/project/6003890/ssutclif/temp_storage/Third_Aim/1_QCReads/3_Decontaminated_DNA/Res2_DNA_D1_paired_decontaminated.fastq.2.gz): pe, 63875596 reads, 126 max length'
2021-09-10 12:40:08 - b'INFO  sequence/io/sequence_lib.cpp  :   75 - Lib 1 (/project/6003890/ssutclif/temp_storage/Third_Aim/1_QCReads/3_Decontaminated_DNA/Res2_DNA_D2_paired_decontaminated.fastq.1.gz,/project/6003890/ssutclif/temp_storage/Third_Aim/1_QCReads/3_Decontaminated_DNA/Res2_DNA_D2_paired_decontaminated.fastq.2.gz): pe, 73171756 reads, 126 max length'
2021-09-10 12:41:59 - b'INFO  sequence/io/sequence_lib.cpp  :   75 - Lib 2 (/project/6003890/ssutclif/temp_storage/Third_Aim/1_QCReads/3_Decontaminated_DNA/Res2_DNA_D3_paired_decontaminated.fastq.1.gz,/project/6003890/ssutclif/temp_storage/Third_Aim/1_QCReads/3_Decontaminated_DNA/Res2_DNA_D3_paired_decontaminated.fastq.2.gz): pe, 71056148 reads, 126 max length'
2021-09-10 12:44:00 - b'INFO  sequence/io/sequence_lib.cpp  :   75 - Lib 3 (/project/6003890/ssutclif/temp_storage/Third_Aim/1_QCReads/3_Decontaminated_DNA/Res2_DNA_D4_paired_decontaminated.fastq.1.gz,/project/6003890/ssutclif/temp_storage/Third_Aim/1_QCReads/3_Decontaminated_DNA/Res2_DNA_D4_paired_decontaminated.fastq.2.gz): pe, 77247056 reads, 126 max length'
2021-09-10 12:45:38 - b'INFO  sequence/io/sequence_lib.cpp  :   75 - Lib 4 (/project/6003890/ssutclif/temp_storage/Third_Aim/1_QCReads/3_Decontaminated_DNA/Res2_DNA_D5_paired_decontaminated.fastq.1.gz,/project/6003890/ssutclif/temp_storage/Third_Aim/1_QCReads/3_Decontaminated_DNA/Res2_DNA_D5_paired_decontaminated.fastq.2.gz): pe, 62601098 reads, 126 max length'
2021-09-10 12:47:22 - b'INFO  sequence/io/sequence_lib.cpp  :   75 - Lib 5 (/project/6003890/ssutclif/temp_storage/Third_Aim/1_QCReads/3_Decontaminated_DNA/Res2_DNA_D6_paired_decontaminated.fastq.1.gz,/project/6003890/ssutclif/temp_storage/Third_Aim/1_QCReads/3_Decontaminated_DNA/Res2_DNA_D6_paired_decontaminated.fastq.2.gz): pe, 67009686 reads, 126 max length'
2021-09-10 12:47:22 - b'INFO  utils/utils.h                 :  152 - Real: 647.4167\tuser: 420.6628\tsys: 87.3488\tmaxrss: 272172'
2021-09-10 12:47:22 - k-max reset to: 141 
2021-09-10 12:47:22 - Start assembly. Number of CPU threads 12 
2021-09-10 12:47:22 - k list: 21,29,39,59,79,99,119,141 
2021-09-10 12:47:22 - Memory used: 243352535040
2021-09-10 12:47:22 - Extract solid (k+1)-mers for k = 21 
2021-09-10 13:30:54 - Build graph for k = 21 
2021-09-10 13:42:11 - Assemble contigs from SdBG for k = 21
2021-09-10 14:21:49 - Local assembly for k = 21
2021-09-10 14:45:30 - Extract iterative edges from k = 21 to 29 
2021-09-10 15:06:26 - Build graph for k = 29 
2021-09-10 15:16:43 - Assemble contigs from SdBG for k = 29
2021-09-10 15:35:50 - Local assembly for k = 29
2021-09-10 16:05:40 - Extract iterative edges from k = 29 to 39 
2021-09-10 16:13:53 - Build graph for k = 39 
2021-09-10 16:21:04 - Assemble contigs from SdBG for k = 39
2021-09-10 16:35:30 - Local assembly for k = 39
2021-09-10 17:16:14 - Extract iterative edges from k = 39 to 59 
2021-09-10 17:24:08 - Build graph for k = 59 
2021-09-10 17:30:33 - Assemble contigs from SdBG for k = 59
2021-09-10 17:43:14 - Local assembly for k = 59
2021-09-10 18:23:50 - Extract iterative edges from k = 59 to 79 
2021-09-10 18:27:48 - Build graph for k = 79 
2021-09-10 18:32:29 - Assemble contigs from SdBG for k = 79
2021-09-10 18:43:18 - Local assembly for k = 79
2021-09-10 19:19:28 - Extract iterative edges from k = 79 to 99 
2021-09-10 19:22:50 - Build graph for k = 99 
2021-09-10 19:26:35 - Assemble contigs from SdBG for k = 99
2021-09-10 19:36:35 - Local assembly for k = 99
2021-09-10 20:10:14 - Extract iterative edges from k = 99 to 119 
2021-09-10 20:13:24 - Build graph for k = 119 
2021-09-10 20:16:34 - Assemble contigs from SdBG for k = 119
2021-09-10 20:25:54 - Local assembly for k = 119
slurmstepd: error: *** JOB 13610720 ON cdr591 CANCELLED AT 2021-09-10T20:36:37 DUE TO TIME LIMIT ***
