
Lmod is automatically replacing "intel/2020.1.217" with "gcc/9.3.0".

Running DAS-Tool on Individual I
Running DAS Tool using 8 threads.
predicting genes using Prodigal V2.6.3: February, 2016
identifying single copy genes using diamond version 2.0.4
calculating contig lengths.
evaluating bin-sets
starting bin selection from 664 bins 
|||||||||||||||||||||||||||||||||||||||||||||||||||||||||||||||||||||||||||||||||||||||||||||||||||||||||||||||||||||||||||||||||||||||||||||||||||||||||||||||||||
bin selection complete: 163 bins above score threshold selected. 
extracting bins to 2_Bacterial_Binning/DAS-Tool/0_35/IndI/IndI_DASTool_DASTool_bins
Running DAS Tool using 8 threads.
predicting genes using Prodigal V2.6.3: February, 2016
identifying single copy genes using diamond version 2.0.4
calculating contig lengths.
evaluating bin-sets
starting bin selection from 664 bins 
||||||||||||||||||||||||||||||||||||||||||||||||||||||||||||||||||||||||||||||||||||||||||||||||||||||||||||||||||||||||||||||
bin selection complete: 126 bins above score threshold selected. 
extracting bins to 2_Bacterial_Binning/DAS-Tool/default/IndI/IndI_DASTool_DASTool_bins
