Settings:
  Output files: "2_Bacterial_Binning/bowtie2/IndA/IndA_megahit_contig_index.*.bt2"
  Line rate: 6 (line is 64 bytes)
  Lines per side: 1 (side is 64 bytes)
  Offset rate: 4 (one in 16)
  FTable chars: 10
  Strings: unpacked
  Max bucket size: default
  Max bucket size, sqrt multiplier: default
  Max bucket size, len divisor: 4
  Difference-cover sample period: 1024
  Endianness: little
  Actual local endianness: little
  Sanity checking: disabled
  Assertions: disabled
  Random seed: 0
  Sizeofs: void*:8, int:4, long:8, size_t:8
Input files DNA, FASTA:
  /1_Assembled_Contigs/A_megahit_output/IndA.contigs.fa
Error: could not open /1_Assembled_Contigs/A_megahit_output/IndA.contigs.fa
Total time for call to driver() for forward index: 00:00:00
Error: Encountered internal Bowtie 2 exception (#1)
Command: /cvmfs/soft.computecanada.ca/easybuild/software/2020/avx2/Core/bowtie2/2.4.2/bin/bowtie2-build-s --wrapper basic-0 -f /1_Assembled_Contigs/A_megahit_output/IndA.contigs.fa 2_Bacterial_Binning/bowtie2/IndA/IndA_megahit_contig_index 
Index made for Ind A
(ERR): "2_Bacterial_Binning/bowtie2/IndA/IndA_megahit_contig_index" does not exist or is not a Bowtie 2 index
Exiting now ...
Finished aligning Sample IndA
[E::hts_open_format] Failed to open file "2_Bacterial_Binning/bowtie2/IndA/IndA_megahit_contig_coverage.sam" : No such file or directory
samtools sort: can't open "2_Bacterial_Binning/bowtie2/IndA/IndA_megahit_contig_coverage.sam": No such file or directory
