Settings:
  Output files: "2_Bacterial_Binning/bowtie2/IndH/IndH_megahit_contig_index.*.bt2"
  Line rate: 6 (line is 64 bytes)
  Lines per side: 1 (side is 64 bytes)
  Offset rate: 4 (one in 16)
  FTable chars: 10
  Strings: unpacked
  Max bucket size: default
  Max bucket size, sqrt multiplier: default
  Max bucket size, len divisor: 4
  Difference-cover sample period: 1024
  Endianness: little
  Actual local endianness: little
  Sanity checking: disabled
  Assertions: disabled
  Random seed: 0
  Sizeofs: void*:8, int:4, long:8, size_t:8
Input files DNA, FASTA:
  1_Assembled_Contigs/H_megahit_output/IndH.contigs.fa
Building a SMALL index
Reading reference sizes
  Time reading reference sizes: 00:00:06
Calculating joined length
Writing header
Reserving space for joined string
Joining reference sequences
  Time to join reference sequences: 00:00:02
bmax according to bmaxDivN setting: 94173237
Using parameters --bmax 70629928 --dcv 1024
  Doing ahead-of-time memory usage test
  Passed!  Constructing with these parameters: --bmax 70629928 --dcv 1024
Constructing suffix-array element generator
Building DifferenceCoverSample
  Building sPrime
  Building sPrimeOrder
  V-Sorting samples
  V-Sorting samples time: 00:00:08
  Allocating rank array
  Ranking v-sort output
  Ranking v-sort output time: 00:00:03
  Invoking Larsson-Sadakane on ranks
  Invoking Larsson-Sadakane on ranks time: 00:00:05
  Sanity-checking and returning
Building samples
Reserving space for 12 sample suffixes
Generating random suffixes
QSorting 12 sample offsets, eliminating duplicates
QSorting sample offsets, eliminating duplicates time: 00:00:00
Multikey QSorting 12 samples
  (Using difference cover)
  Multikey QSorting samples time: 00:00:00
Calculating bucket sizes
Splitting and merging
  Splitting and merging time: 00:00:00
Avg bucket size: 3.76693e+08 (target: 70629927)
Converting suffix-array elements to index image
Allocating ftab, absorbFtab
Entering Ebwt loop
Getting block 1 of 1
  No samples; assembling all-inclusive block
  Sorting block of length 376692949 for bucket 1
  (Using difference cover)
  Sorting block time: 00:03:44
Returning block of 376692950 for bucket 1
Exited Ebwt loop
fchr[A]: 0
fchr[C]: 103594581
fchr[G]: 188620265
fchr[T]: 274141610
fchr[$]: 376692949
Exiting Ebwt::buildToDisk()
Returning from initFromVector
Wrote 132254712 bytes to primary EBWT file: 2_Bacterial_Binning/bowtie2/IndH/IndH_megahit_contig_index.1.bt2
Wrote 94173244 bytes to secondary EBWT file: 2_Bacterial_Binning/bowtie2/IndH/IndH_megahit_contig_index.2.bt2
Re-opening _in1 and _in2 as input streams
Returning from Ebwt constructor
Headers:
    len: 376692949
    bwtLen: 376692950
    sz: 94173238
    bwtSz: 94173238
    lineRate: 6
    offRate: 4
    offMask: 0xfffffff0
    ftabChars: 10
    eftabLen: 20
    eftabSz: 80
    ftabLen: 1048577
    ftabSz: 4194308
    offsLen: 23543310
    offsSz: 94173240
    lineSz: 64
    sideSz: 64
    sideBwtSz: 48
    sideBwtLen: 192
    numSides: 1961943
    numLines: 1961943
    ebwtTotLen: 125564352
    ebwtTotSz: 125564352
    color: 0
    reverse: 0
Total time for call to driver() for forward index: 00:05:25
Reading reference sizes
  Time reading reference sizes: 00:00:03
Calculating joined length
Writing header
Reserving space for joined string
Joining reference sequences
  Time to join reference sequences: 00:00:03
  Time to reverse reference sequence: 00:00:00
bmax according to bmaxDivN setting: 94173237
Using parameters --bmax 70629928 --dcv 1024
  Doing ahead-of-time memory usage test
  Passed!  Constructing with these parameters: --bmax 70629928 --dcv 1024
Constructing suffix-array element generator
Building DifferenceCoverSample
  Building sPrime
  Building sPrimeOrder
  V-Sorting samples
  V-Sorting samples time: 00:00:08
  Allocating rank array
  Ranking v-sort output
  Ranking v-sort output time: 00:00:02
  Invoking Larsson-Sadakane on ranks
  Invoking Larsson-Sadakane on ranks time: 00:00:05
  Sanity-checking and returning
Building samples
Reserving space for 12 sample suffixes
Generating random suffixes
QSorting 12 sample offsets, eliminating duplicates
QSorting sample offsets, eliminating duplicates time: 00:00:00
Multikey QSorting 12 samples
  (Using difference cover)
  Multikey QSorting samples time: 00:00:00
Calculating bucket sizes
Splitting and merging
  Splitting and merging time: 00:00:00
Avg bucket size: 3.76693e+08 (target: 70629927)
Converting suffix-array elements to index image
Allocating ftab, absorbFtab
Entering Ebwt loop
Getting block 1 of 1
  No samples; assembling all-inclusive block
  Sorting block of length 376692949 for bucket 1
  (Using difference cover)
  Sorting block time: 00:03:11
Returning block of 376692950 for bucket 1
Exited Ebwt loop
fchr[A]: 0
fchr[C]: 103594581
fchr[G]: 188620265
fchr[T]: 274141610
fchr[$]: 376692949
Exiting Ebwt::buildToDisk()
Returning from initFromVector
Wrote 132254712 bytes to primary EBWT file: 2_Bacterial_Binning/bowtie2/IndH/IndH_megahit_contig_index.rev.1.bt2
Wrote 94173244 bytes to secondary EBWT file: 2_Bacterial_Binning/bowtie2/IndH/IndH_megahit_contig_index.rev.2.bt2
Re-opening _in1 and _in2 as input streams
Returning from Ebwt constructor
Headers:
    len: 376692949
    bwtLen: 376692950
    sz: 94173238
    bwtSz: 94173238
    lineRate: 6
    offRate: 4
    offMask: 0xfffffff0
    ftabChars: 10
    eftabLen: 20
    eftabSz: 80
    ftabLen: 1048577
    ftabSz: 4194308
    offsLen: 23543310
    offsSz: 94173240
    lineSz: 64
    sideSz: 64
    sideBwtSz: 48
    sideBwtLen: 192
    numSides: 1961943
    numLines: 1961943
    ebwtTotLen: 125564352
    ebwtTotSz: 125564352
    color: 0
    reverse: 1
Total time for backward call to driver() for mirror index: 00:04:43
Index made for Ind H
247035368 reads; of these:
  247035368 (100.00%) were paired; of these:
    97095999 (39.30%) aligned concordantly 0 times
    141266831 (57.18%) aligned concordantly exactly 1 time
    8672538 (3.51%) aligned concordantly >1 times
    ----
    97095999 pairs aligned concordantly 0 times; of these:
      74017595 (76.23%) aligned discordantly 1 time
    ----
    23078404 pairs aligned 0 times concordantly or discordantly; of these:
      46156808 mates make up the pairs; of these:
        18809678 (40.75%) aligned 0 times
        11735213 (25.42%) aligned exactly 1 time
        15611917 (33.82%) aligned >1 times
96.19% overall alignment rate
Finished aligning Sample IndH
[bam_sort_core] merging from 204 files and 1 in-memory blocks...
