Settings:
  Output files: "2_Bacterial_Binning/bowtie2/IndF/IndF_megahit_contig_index.*.bt2"
  Line rate: 6 (line is 64 bytes)
  Lines per side: 1 (side is 64 bytes)
  Offset rate: 4 (one in 16)
  FTable chars: 10
  Strings: unpacked
  Max bucket size: default
  Max bucket size, sqrt multiplier: default
  Max bucket size, len divisor: 4
  Difference-cover sample period: 1024
  Endianness: little
  Actual local endianness: little
  Sanity checking: disabled
  Assertions: disabled
  Random seed: 0
  Sizeofs: void*:8, int:4, long:8, size_t:8
Input files DNA, FASTA:
  1_Assembled_Contigs/F_megahit_output/IndF.contigs.fa
Building a SMALL index
Reading reference sizes
  Time reading reference sizes: 00:00:06
Calculating joined length
Writing header
Reserving space for joined string
Joining reference sequences
  Time to join reference sequences: 00:00:04
bmax according to bmaxDivN setting: 161786028
Using parameters --bmax 121339521 --dcv 1024
  Doing ahead-of-time memory usage test
  Passed!  Constructing with these parameters: --bmax 121339521 --dcv 1024
Constructing suffix-array element generator
Building DifferenceCoverSample
  Building sPrime
  Building sPrimeOrder
  V-Sorting samples
  V-Sorting samples time: 00:00:14
  Allocating rank array
  Ranking v-sort output
  Ranking v-sort output time: 00:00:04
  Invoking Larsson-Sadakane on ranks
  Invoking Larsson-Sadakane on ranks time: 00:00:08
  Sanity-checking and returning
Building samples
Reserving space for 12 sample suffixes
Generating random suffixes
QSorting 12 sample offsets, eliminating duplicates
QSorting sample offsets, eliminating duplicates time: 00:00:00
Multikey QSorting 12 samples
  (Using difference cover)
  Multikey QSorting samples time: 00:00:00
Calculating bucket sizes
Splitting and merging
  Splitting and merging time: 00:00:00
Avg bucket size: 6.47144e+08 (target: 121339520)
Converting suffix-array elements to index image
Allocating ftab, absorbFtab
Entering Ebwt loop
Getting block 1 of 1
  No samples; assembling all-inclusive block
  Sorting block of length 647144113 for bucket 1
  (Using difference cover)
  Sorting block time: 00:05:54
Returning block of 647144114 for bucket 1
Exited Ebwt loop
fchr[A]: 0
fchr[C]: 170726957
fchr[G]: 324207241
fchr[T]: 478127555
fchr[$]: 647144113
Exiting Ebwt::buildToDisk()
Returning from initFromVector
Wrote 225108213 bytes to primary EBWT file: 2_Bacterial_Binning/bowtie2/IndF/IndF_megahit_contig_index.1.bt2
Wrote 161786036 bytes to secondary EBWT file: 2_Bacterial_Binning/bowtie2/IndF/IndF_megahit_contig_index.2.bt2
Re-opening _in1 and _in2 as input streams
Returning from Ebwt constructor
Headers:
    len: 647144113
    bwtLen: 647144114
    sz: 161786029
    bwtSz: 161786029
    lineRate: 6
    offRate: 4
    offMask: 0xfffffff0
    ftabChars: 10
    eftabLen: 20
    eftabSz: 80
    ftabLen: 1048577
    ftabSz: 4194308
    offsLen: 40446508
    offsSz: 161786032
    lineSz: 64
    sideSz: 64
    sideBwtSz: 48
    sideBwtLen: 192
    numSides: 3370543
    numLines: 3370543
    ebwtTotLen: 215714752
    ebwtTotSz: 215714752
    color: 0
    reverse: 0
Total time for call to driver() for forward index: 00:08:37
Reading reference sizes
  Time reading reference sizes: 00:00:05
Calculating joined length
Writing header
Reserving space for joined string
Joining reference sequences
  Time to join reference sequences: 00:00:04
  Time to reverse reference sequence: 00:00:01
bmax according to bmaxDivN setting: 161786028
Using parameters --bmax 121339521 --dcv 1024
  Doing ahead-of-time memory usage test
  Passed!  Constructing with these parameters: --bmax 121339521 --dcv 1024
Constructing suffix-array element generator
Building DifferenceCoverSample
  Building sPrime
  Building sPrimeOrder
  V-Sorting samples
  V-Sorting samples time: 00:00:14
  Allocating rank array
  Ranking v-sort output
  Ranking v-sort output time: 00:00:04
  Invoking Larsson-Sadakane on ranks
  Invoking Larsson-Sadakane on ranks time: 00:00:08
  Sanity-checking and returning
Building samples
Reserving space for 12 sample suffixes
Generating random suffixes
QSorting 12 sample offsets, eliminating duplicates
QSorting sample offsets, eliminating duplicates time: 00:00:00
Multikey QSorting 12 samples
  (Using difference cover)
  Multikey QSorting samples time: 00:00:00
Calculating bucket sizes
Splitting and merging
  Splitting and merging time: 00:00:00
Avg bucket size: 6.47144e+08 (target: 121339520)
Converting suffix-array elements to index image
Allocating ftab, absorbFtab
Entering Ebwt loop
Getting block 1 of 1
  No samples; assembling all-inclusive block
  Sorting block of length 647144113 for bucket 1
  (Using difference cover)
  Sorting block time: 00:06:38
Returning block of 647144114 for bucket 1
Exited Ebwt loop
fchr[A]: 0
fchr[C]: 170726957
fchr[G]: 324207241
fchr[T]: 478127555
fchr[$]: 647144113
Exiting Ebwt::buildToDisk()
Returning from initFromVector
Wrote 225108213 bytes to primary EBWT file: 2_Bacterial_Binning/bowtie2/IndF/IndF_megahit_contig_index.rev.1.bt2
Wrote 161786036 bytes to secondary EBWT file: 2_Bacterial_Binning/bowtie2/IndF/IndF_megahit_contig_index.rev.2.bt2
Re-opening _in1 and _in2 as input streams
Returning from Ebwt constructor
Headers:
    len: 647144113
    bwtLen: 647144114
    sz: 161786029
    bwtSz: 161786029
    lineRate: 6
    offRate: 4
    offMask: 0xfffffff0
    ftabChars: 10
    eftabLen: 20
    eftabSz: 80
    ftabLen: 1048577
    ftabSz: 4194308
    offsLen: 40446508
    offsSz: 161786032
    lineSz: 64
    sideSz: 64
    sideBwtSz: 48
    sideBwtLen: 192
    numSides: 3370543
    numLines: 3370543
    ebwtTotLen: 215714752
    ebwtTotSz: 215714752
    color: 0
    reverse: 1
Total time for backward call to driver() for mirror index: 00:09:33
Index made for Ind F
223989851 reads; of these:
  223989851 (100.00%) were paired; of these:
    98212912 (43.85%) aligned concordantly 0 times
    114168844 (50.97%) aligned concordantly exactly 1 time
    11608095 (5.18%) aligned concordantly >1 times
    ----
    98212912 pairs aligned concordantly 0 times; of these:
      66741620 (67.96%) aligned discordantly 1 time
    ----
    31471292 pairs aligned 0 times concordantly or discordantly; of these:
      62942584 mates make up the pairs; of these:
        25768023 (40.94%) aligned 0 times
        14561644 (23.13%) aligned exactly 1 time
        22612917 (35.93%) aligned >1 times
94.25% overall alignment rate
Finished aligning Sample IndF
[bam_sort_core] merging from 184 files and 1 in-memory blocks...
