Settings:
  Output files: "2_Bacterial_Binning/bowtie2/IndE/IndE_megahit_contig_index.*.bt2"
  Line rate: 6 (line is 64 bytes)
  Lines per side: 1 (side is 64 bytes)
  Offset rate: 4 (one in 16)
  FTable chars: 10
  Strings: unpacked
  Max bucket size: default
  Max bucket size, sqrt multiplier: default
  Max bucket size, len divisor: 4
  Difference-cover sample period: 1024
  Endianness: little
  Actual local endianness: little
  Sanity checking: disabled
  Assertions: disabled
  Random seed: 0
  Sizeofs: void*:8, int:4, long:8, size_t:8
Input files DNA, FASTA:
  1_Assembled_Contigs/E_megahit_output/IndE.contigs.fa
Building a SMALL index
Reading reference sizes
  Time reading reference sizes: 00:00:07
Calculating joined length
Writing header
Reserving space for joined string
Joining reference sequences
  Time to join reference sequences: 00:00:05
bmax according to bmaxDivN setting: 186997884
Using parameters --bmax 140248413 --dcv 1024
  Doing ahead-of-time memory usage test
  Passed!  Constructing with these parameters: --bmax 140248413 --dcv 1024
Constructing suffix-array element generator
Building DifferenceCoverSample
  Building sPrime
  Building sPrimeOrder
  V-Sorting samples
  V-Sorting samples time: 00:00:17
  Allocating rank array
  Ranking v-sort output
  Ranking v-sort output time: 00:00:05
  Invoking Larsson-Sadakane on ranks
  Invoking Larsson-Sadakane on ranks time: 00:00:10
  Sanity-checking and returning
Building samples
Reserving space for 12 sample suffixes
Generating random suffixes
QSorting 12 sample offsets, eliminating duplicates
QSorting sample offsets, eliminating duplicates time: 00:00:00
Multikey QSorting 12 samples
  (Using difference cover)
  Multikey QSorting samples time: 00:00:00
Calculating bucket sizes
Splitting and merging
  Splitting and merging time: 00:00:00
Avg bucket size: 7.47992e+08 (target: 140248412)
Converting suffix-array elements to index image
Allocating ftab, absorbFtab
Entering Ebwt loop
Getting block 1 of 1
  No samples; assembling all-inclusive block
  Sorting block of length 747991539 for bucket 1
  (Using difference cover)
  Sorting block time: 00:07:25
Returning block of 747991540 for bucket 1
Exited Ebwt loop
fchr[A]: 0
fchr[C]: 199462704
fchr[G]: 374777222
fchr[T]: 550690826
fchr[$]: 747991539
Exiting Ebwt::buildToDisk()
Returning from initFromVector
Wrote 259876984 bytes to primary EBWT file: 2_Bacterial_Binning/bowtie2/IndE/IndE_megahit_contig_index.1.bt2
Wrote 186997892 bytes to secondary EBWT file: 2_Bacterial_Binning/bowtie2/IndE/IndE_megahit_contig_index.2.bt2
Re-opening _in1 and _in2 as input streams
Returning from Ebwt constructor
Headers:
    len: 747991539
    bwtLen: 747991540
    sz: 186997885
    bwtSz: 186997885
    lineRate: 6
    offRate: 4
    offMask: 0xfffffff0
    ftabChars: 10
    eftabLen: 20
    eftabSz: 80
    ftabLen: 1048577
    ftabSz: 4194308
    offsLen: 46749472
    offsSz: 186997888
    lineSz: 64
    sideSz: 64
    sideBwtSz: 48
    sideBwtLen: 192
    numSides: 3895790
    numLines: 3895790
    ebwtTotLen: 249330560
    ebwtTotSz: 249330560
    color: 0
    reverse: 0
Total time for call to driver() for forward index: 00:10:36
Reading reference sizes
  Time reading reference sizes: 00:00:06
Calculating joined length
Writing header
Reserving space for joined string
Joining reference sequences
  Time to join reference sequences: 00:00:05
  Time to reverse reference sequence: 00:00:01
bmax according to bmaxDivN setting: 186997884
Using parameters --bmax 140248413 --dcv 1024
  Doing ahead-of-time memory usage test
  Passed!  Constructing with these parameters: --bmax 140248413 --dcv 1024
Constructing suffix-array element generator
Building DifferenceCoverSample
  Building sPrime
  Building sPrimeOrder
  V-Sorting samples
  V-Sorting samples time: 00:00:16
  Allocating rank array
  Ranking v-sort output
  Ranking v-sort output time: 00:00:04
  Invoking Larsson-Sadakane on ranks
  Invoking Larsson-Sadakane on ranks time: 00:00:10
  Sanity-checking and returning
Building samples
Reserving space for 12 sample suffixes
Generating random suffixes
QSorting 12 sample offsets, eliminating duplicates
QSorting sample offsets, eliminating duplicates time: 00:00:00
Multikey QSorting 12 samples
  (Using difference cover)
  Multikey QSorting samples time: 00:00:00
Calculating bucket sizes
Splitting and merging
  Splitting and merging time: 00:00:00
Avg bucket size: 7.47992e+08 (target: 140248412)
Converting suffix-array elements to index image
Allocating ftab, absorbFtab
Entering Ebwt loop
Getting block 1 of 1
  No samples; assembling all-inclusive block
  Sorting block of length 747991539 for bucket 1
  (Using difference cover)
  Sorting block time: 00:07:50
Returning block of 747991540 for bucket 1
Exited Ebwt loop
fchr[A]: 0
fchr[C]: 199462704
fchr[G]: 374777222
fchr[T]: 550690826
fchr[$]: 747991539
Exiting Ebwt::buildToDisk()
Returning from initFromVector
Wrote 259876984 bytes to primary EBWT file: 2_Bacterial_Binning/bowtie2/IndE/IndE_megahit_contig_index.rev.1.bt2
Wrote 186997892 bytes to secondary EBWT file: 2_Bacterial_Binning/bowtie2/IndE/IndE_megahit_contig_index.rev.2.bt2
Re-opening _in1 and _in2 as input streams
Returning from Ebwt constructor
Headers:
    len: 747991539
    bwtLen: 747991540
    sz: 186997885
    bwtSz: 186997885
    lineRate: 6
    offRate: 4
    offMask: 0xfffffff0
    ftabChars: 10
    eftabLen: 20
    eftabSz: 80
    ftabLen: 1048577
    ftabSz: 4194308
    offsLen: 46749472
    offsSz: 186997888
    lineSz: 64
    sideSz: 64
    sideBwtSz: 48
    sideBwtLen: 192
    numSides: 3895790
    numLines: 3895790
    ebwtTotLen: 249330560
    ebwtTotSz: 249330560
    color: 0
    reverse: 1
Total time for backward call to driver() for mirror index: 00:11:04
Index made for Ind E
207532265 reads; of these:
  207532265 (100.00%) were paired; of these:
    82578632 (39.79%) aligned concordantly 0 times
    112035168 (53.98%) aligned concordantly exactly 1 time
    12918465 (6.22%) aligned concordantly >1 times
    ----
    82578632 pairs aligned concordantly 0 times; of these:
      49352035 (59.76%) aligned discordantly 1 time
    ----
    33226597 pairs aligned 0 times concordantly or discordantly; of these:
      66453194 mates make up the pairs; of these:
        31825726 (47.89%) aligned 0 times
        14050355 (21.14%) aligned exactly 1 time
        20577113 (30.96%) aligned >1 times
92.33% overall alignment rate
Finished aligning Sample IndE
[bam_sort_core] merging from 170 files and 1 in-memory blocks...
