
Lmod is automatically replacing "intel/2020.1.217" with "gcc/9.3.0".

2021-09-10 06:54:46 - MEGAHIT v1.2.9
2021-09-10 06:54:46 - Using megahit_core with POPCNT and BMI2 support
2021-09-10 06:54:47 - Convert reads to binary library
2021-09-10 06:57:09 - b'INFO  sequence/io/sequence_lib.cpp  :   75 - Lib 0 (/project/6003890/ssutclif/temp_storage/Third_Aim/1_QCReads/3_Decontaminated_DNA/Res2_DNA_H1_paired_decontaminated.fastq.1.gz,/project/6003890/ssutclif/temp_storage/Third_Aim/1_QCReads/3_Decontaminated_DNA/Res2_DNA_H1_paired_decontaminated.fastq.2.gz): pe, 104286808 reads, 126 max length'
2021-09-10 06:59:53 - b'INFO  sequence/io/sequence_lib.cpp  :   75 - Lib 1 (/project/6003890/ssutclif/temp_storage/Third_Aim/1_QCReads/3_Decontaminated_DNA/Res2_DNA_H2_paired_decontaminated.fastq.1.gz,/project/6003890/ssutclif/temp_storage/Third_Aim/1_QCReads/3_Decontaminated_DNA/Res2_DNA_H2_paired_decontaminated.fastq.2.gz): pe, 116444656 reads, 126 max length'
2021-09-10 07:01:30 - b'INFO  sequence/io/sequence_lib.cpp  :   75 - Lib 2 (/project/6003890/ssutclif/temp_storage/Third_Aim/1_QCReads/3_Decontaminated_DNA/Res2_DNA_H3_paired_decontaminated.fastq.1.gz,/project/6003890/ssutclif/temp_storage/Third_Aim/1_QCReads/3_Decontaminated_DNA/Res2_DNA_H3_paired_decontaminated.fastq.2.gz): pe, 70777604 reads, 126 max length'
2021-09-10 07:03:04 - b'INFO  sequence/io/sequence_lib.cpp  :   75 - Lib 3 (/project/6003890/ssutclif/temp_storage/Third_Aim/1_QCReads/3_Decontaminated_DNA/Res2_DNA_H4_paired_decontaminated.fastq.1.gz,/project/6003890/ssutclif/temp_storage/Third_Aim/1_QCReads/3_Decontaminated_DNA/Res2_DNA_H4_paired_decontaminated.fastq.2.gz): pe, 67731218 reads, 126 max length'
2021-09-10 07:04:32 - b'INFO  sequence/io/sequence_lib.cpp  :   75 - Lib 4 (/project/6003890/ssutclif/temp_storage/Third_Aim/1_QCReads/3_Decontaminated_DNA/Res2_DNA_H5_paired_decontaminated.fastq.1.gz,/project/6003890/ssutclif/temp_storage/Third_Aim/1_QCReads/3_Decontaminated_DNA/Res2_DNA_H5_paired_decontaminated.fastq.2.gz): pe, 62729368 reads, 126 max length'
2021-09-10 07:06:12 - b'INFO  sequence/io/sequence_lib.cpp  :   75 - Lib 5 (/project/6003890/ssutclif/temp_storage/Third_Aim/1_QCReads/3_Decontaminated_DNA/Res2_DNA_H6_paired_decontaminated.fastq.1.gz,/project/6003890/ssutclif/temp_storage/Third_Aim/1_QCReads/3_Decontaminated_DNA/Res2_DNA_H6_paired_decontaminated.fastq.2.gz): pe, 72101082 reads, 126 max length'
2021-09-10 07:06:12 - b'INFO  utils/utils.h                 :  152 - Real: 685.4094\tuser: 433.0225\tsys: 67.6425\tmaxrss: 271992'
2021-09-10 07:06:12 - k-max reset to: 141 
2021-09-10 07:06:12 - Start assembly. Number of CPU threads 12 
2021-09-10 07:06:12 - k list: 21,29,39,59,79,99,119,141 
2021-09-10 07:06:12 - Memory used: 181213570252
2021-09-10 07:06:12 - Extract solid (k+1)-mers for k = 21 
2021-09-10 07:41:30 - Build graph for k = 21 
2021-09-10 07:48:00 - Assemble contigs from SdBG for k = 21
2021-09-10 08:03:47 - Local assembly for k = 21
2021-09-10 08:18:28 - Extract iterative edges from k = 21 to 29 
2021-09-10 08:27:57 - Build graph for k = 29 
2021-09-10 08:31:51 - Assemble contigs from SdBG for k = 29
2021-09-10 08:39:16 - Local assembly for k = 29
2021-09-10 08:55:28 - Extract iterative edges from k = 29 to 39 
2021-09-10 09:00:11 - Build graph for k = 39 
2021-09-10 09:02:48 - Assemble contigs from SdBG for k = 39
2021-09-10 09:09:07 - Local assembly for k = 39
2021-09-10 09:26:42 - Extract iterative edges from k = 39 to 59 
2021-09-10 09:33:00 - Build graph for k = 59 
2021-09-10 09:35:05 - Assemble contigs from SdBG for k = 59
2021-09-10 09:40:03 - Local assembly for k = 59
2021-09-10 09:56:44 - Extract iterative edges from k = 59 to 79 
2021-09-10 10:00:27 - Build graph for k = 79 
2021-09-10 10:02:00 - Assemble contigs from SdBG for k = 79
2021-09-10 10:06:26 - Local assembly for k = 79
2021-09-10 10:21:56 - Extract iterative edges from k = 79 to 99 
2021-09-10 10:24:56 - Build graph for k = 99 
2021-09-10 10:26:13 - Assemble contigs from SdBG for k = 99
2021-09-10 10:29:58 - Local assembly for k = 99
2021-09-10 10:44:26 - Extract iterative edges from k = 99 to 119 
2021-09-10 10:46:32 - Build graph for k = 119 
2021-09-10 10:47:39 - Assemble contigs from SdBG for k = 119
2021-09-10 10:51:08 - Local assembly for k = 119
2021-09-10 11:04:35 - Extract iterative edges from k = 119 to 141 
2021-09-10 11:05:14 - Build graph for k = 141 
2021-09-10 11:06:02 - Assemble contigs from SdBG for k = 141
2021-09-10 11:09:01 - Merging to output final contigs 
2021-09-10 11:09:03 - 43670 contigs, total 376692949 bp, min 1500 bp, max 848344 bp, avg 8625 bp, N50 27150 bp
2021-09-10 11:09:03 - ALL DONE. Time elapsed: 15256.715000 seconds 
