2021-09-12 07:15:59 - MEGAHIT v1.2.9
2021-09-12 07:16:00 - Using megahit_core with POPCNT and BMI2 support
2021-09-12 07:16:00 - Convert reads to binary library
2021-09-12 07:17:39 - b'INFO  sequence/io/sequence_lib.cpp  :   75 - Lib 0 (/project/6003890/ssutclif/temp_storage/Third_Aim/1_QCReads/3_Decontaminated_DNA/Res2_DNA_D1_paired_decontaminated.fastq.1.gz,/project/6003890/ssutclif/temp_storage/Third_Aim/1_QCReads/3_Decontaminated_DNA/Res2_DNA_D1_paired_decontaminated.fastq.2.gz): pe, 63875596 reads, 126 max length'
2021-09-12 07:19:32 - b'INFO  sequence/io/sequence_lib.cpp  :   75 - Lib 1 (/project/6003890/ssutclif/temp_storage/Third_Aim/1_QCReads/3_Decontaminated_DNA/Res2_DNA_D2_paired_decontaminated.fastq.1.gz,/project/6003890/ssutclif/temp_storage/Third_Aim/1_QCReads/3_Decontaminated_DNA/Res2_DNA_D2_paired_decontaminated.fastq.2.gz): pe, 73171756 reads, 126 max length'
2021-09-12 07:21:23 - b'INFO  sequence/io/sequence_lib.cpp  :   75 - Lib 2 (/project/6003890/ssutclif/temp_storage/Third_Aim/1_QCReads/3_Decontaminated_DNA/Res2_DNA_D3_paired_decontaminated.fastq.1.gz,/project/6003890/ssutclif/temp_storage/Third_Aim/1_QCReads/3_Decontaminated_DNA/Res2_DNA_D3_paired_decontaminated.fastq.2.gz): pe, 71056148 reads, 126 max length'
2021-09-12 07:23:24 - b'INFO  sequence/io/sequence_lib.cpp  :   75 - Lib 3 (/project/6003890/ssutclif/temp_storage/Third_Aim/1_QCReads/3_Decontaminated_DNA/Res2_DNA_D4_paired_decontaminated.fastq.1.gz,/project/6003890/ssutclif/temp_storage/Third_Aim/1_QCReads/3_Decontaminated_DNA/Res2_DNA_D4_paired_decontaminated.fastq.2.gz): pe, 77247056 reads, 126 max length'
2021-09-12 07:25:01 - b'INFO  sequence/io/sequence_lib.cpp  :   75 - Lib 4 (/project/6003890/ssutclif/temp_storage/Third_Aim/1_QCReads/3_Decontaminated_DNA/Res2_DNA_D5_paired_decontaminated.fastq.1.gz,/project/6003890/ssutclif/temp_storage/Third_Aim/1_QCReads/3_Decontaminated_DNA/Res2_DNA_D5_paired_decontaminated.fastq.2.gz): pe, 62601098 reads, 126 max length'
2021-09-12 07:26:44 - b'INFO  sequence/io/sequence_lib.cpp  :   75 - Lib 5 (/project/6003890/ssutclif/temp_storage/Third_Aim/1_QCReads/3_Decontaminated_DNA/Res2_DNA_D6_paired_decontaminated.fastq.1.gz,/project/6003890/ssutclif/temp_storage/Third_Aim/1_QCReads/3_Decontaminated_DNA/Res2_DNA_D6_paired_decontaminated.fastq.2.gz): pe, 67009686 reads, 126 max length'
2021-09-12 07:26:44 - b'INFO  utils/utils.h                 :  152 - Real: 644.1337\tuser: 414.9907\tsys: 82.4376\tmaxrss: 272056'
2021-09-12 07:26:44 - k-max reset to: 141 
2021-09-12 07:26:44 - Start assembly. Number of CPU threads 12 
2021-09-12 07:26:44 - k list: 21,29,39,59,79,99,119,141 
2021-09-12 07:26:44 - Memory used: 121590285926
2021-09-12 07:26:44 - Extract solid (k+1)-mers for k = 21 
2021-09-12 08:04:02 - Build graph for k = 21 
2021-09-12 08:11:57 - Assemble contigs from SdBG for k = 21
2021-09-12 08:48:42 - Local assembly for k = 21
2021-09-12 09:10:17 - Extract iterative edges from k = 21 to 29 
2021-09-12 09:24:11 - Build graph for k = 29 
2021-09-12 09:35:21 - Assemble contigs from SdBG for k = 29
2021-09-12 09:52:12 - Local assembly for k = 29
2021-09-12 10:19:37 - Extract iterative edges from k = 29 to 39 
2021-09-12 10:24:58 - Build graph for k = 39 
2021-09-12 10:32:41 - Assemble contigs from SdBG for k = 39
2021-09-12 10:47:07 - Local assembly for k = 39
2021-09-12 11:26:40 - Extract iterative edges from k = 39 to 59 
2021-09-12 11:32:01 - Build graph for k = 59 
2021-09-12 11:38:51 - Assemble contigs from SdBG for k = 59
2021-09-12 11:50:36 - Local assembly for k = 59
2021-09-12 12:29:53 - Extract iterative edges from k = 59 to 79 
2021-09-12 12:33:30 - Build graph for k = 79 
2021-09-12 12:38:26 - Assemble contigs from SdBG for k = 79
2021-09-12 12:49:13 - Local assembly for k = 79
2021-09-12 13:24:57 - Extract iterative edges from k = 79 to 99 
2021-09-12 13:28:08 - Build graph for k = 99 
2021-09-12 13:32:05 - Assemble contigs from SdBG for k = 99
2021-09-12 13:41:53 - Local assembly for k = 99
2021-09-12 14:16:32 - Extract iterative edges from k = 99 to 119 
2021-09-12 14:18:46 - Build graph for k = 119 
2021-09-12 14:22:09 - Assemble contigs from SdBG for k = 119
2021-09-12 14:31:32 - Local assembly for k = 119
2021-09-12 15:00:17 - Extract iterative edges from k = 119 to 141 
2021-09-12 15:01:01 - Build graph for k = 141 
2021-09-12 15:03:22 - Assemble contigs from SdBG for k = 141
2021-09-12 15:11:21 - Merging to output final contigs 
2021-09-12 15:11:25 - 109892 contigs, total 767679649 bp, min 1500 bp, max 759862 bp, avg 6985 bp, N50 15677 bp
2021-09-12 15:11:25 - ALL DONE. Time elapsed: 28525.864464 seconds 
