
Lmod is automatically replacing "intel/2020.1.217" with "gcc/9.3.0".

2021-09-10 12:36:35 - MEGAHIT v1.2.9
2021-09-10 12:36:35 - Using megahit_core with POPCNT and BMI2 support
2021-09-10 12:36:35 - Convert reads to binary library
2021-09-10 12:38:13 - b'INFO  sequence/io/sequence_lib.cpp  :   75 - Lib 0 (/project/6003890/ssutclif/temp_storage/Third_Aim/1_QCReads/3_Decontaminated_DNA/Res2_DNA_I1_paired_decontaminated.fastq.1.gz,/project/6003890/ssutclif/temp_storage/Third_Aim/1_QCReads/3_Decontaminated_DNA/Res2_DNA_I1_paired_decontaminated.fastq.2.gz): pe, 59786898 reads, 126 max length'
2021-09-10 12:41:25 - b'INFO  sequence/io/sequence_lib.cpp  :   75 - Lib 1 (/project/6003890/ssutclif/temp_storage/Third_Aim/1_QCReads/3_Decontaminated_DNA/Res2_DNA_I2_paired_decontaminated.fastq.1.gz,/project/6003890/ssutclif/temp_storage/Third_Aim/1_QCReads/3_Decontaminated_DNA/Res2_DNA_I2_paired_decontaminated.fastq.2.gz): pe, 117724204 reads, 126 max length'
2021-09-10 12:43:14 - b'INFO  sequence/io/sequence_lib.cpp  :   75 - Lib 2 (/project/6003890/ssutclif/temp_storage/Third_Aim/1_QCReads/3_Decontaminated_DNA/Res2_DNA_I3_paired_decontaminated.fastq.1.gz,/project/6003890/ssutclif/temp_storage/Third_Aim/1_QCReads/3_Decontaminated_DNA/Res2_DNA_I3_paired_decontaminated.fastq.2.gz): pe, 67216328 reads, 126 max length'
2021-09-10 12:45:00 - b'INFO  sequence/io/sequence_lib.cpp  :   75 - Lib 3 (/project/6003890/ssutclif/temp_storage/Third_Aim/1_QCReads/3_Decontaminated_DNA/Res2_DNA_I4_paired_decontaminated.fastq.1.gz,/project/6003890/ssutclif/temp_storage/Third_Aim/1_QCReads/3_Decontaminated_DNA/Res2_DNA_I4_paired_decontaminated.fastq.2.gz): pe, 65556544 reads, 126 max length'
2021-09-10 12:46:53 - b'INFO  sequence/io/sequence_lib.cpp  :   75 - Lib 4 (/project/6003890/ssutclif/temp_storage/Third_Aim/1_QCReads/3_Decontaminated_DNA/Res2_DNA_I5_paired_decontaminated.fastq.1.gz,/project/6003890/ssutclif/temp_storage/Third_Aim/1_QCReads/3_Decontaminated_DNA/Res2_DNA_I5_paired_decontaminated.fastq.2.gz): pe, 69125312 reads, 126 max length'
2021-09-10 12:48:35 - b'INFO  sequence/io/sequence_lib.cpp  :   75 - Lib 5 (/project/6003890/ssutclif/temp_storage/Third_Aim/1_QCReads/3_Decontaminated_DNA/Res2_DNA_I6_paired_decontaminated.fastq.1.gz,/project/6003890/ssutclif/temp_storage/Third_Aim/1_QCReads/3_Decontaminated_DNA/Res2_DNA_I6_paired_decontaminated.fastq.2.gz): pe, 62572082 reads, 126 max length'
2021-09-10 12:48:35 - b'INFO  utils/utils.h                 :  152 - Real: 719.3901\tuser: 463.8474\tsys: 101.1607\tmaxrss: 270612'
2021-09-10 12:48:35 - k-max reset to: 141 
2021-09-10 12:48:35 - Start assembly. Number of CPU threads 12 
2021-09-10 12:48:35 - k list: 21,29,39,59,79,99,119,141 
2021-09-10 12:48:35 - Memory used: 181213596057
2021-09-10 12:48:35 - Extract solid (k+1)-mers for k = 21 
2021-09-10 13:34:00 - Build graph for k = 21 
2021-09-10 13:42:44 - Assemble contigs from SdBG for k = 21
2021-09-10 14:12:18 - Local assembly for k = 21
2021-09-10 14:38:13 - Extract iterative edges from k = 21 to 29 
2021-09-10 14:55:39 - Build graph for k = 29 
2021-09-10 15:04:02 - Assemble contigs from SdBG for k = 29
2021-09-10 15:17:55 - Local assembly for k = 29
2021-09-10 15:43:01 - Extract iterative edges from k = 29 to 39 
2021-09-10 15:49:45 - Build graph for k = 39 
2021-09-10 15:54:55 - Assemble contigs from SdBG for k = 39
2021-09-10 16:06:27 - Local assembly for k = 39
2021-09-10 16:37:47 - Extract iterative edges from k = 39 to 59 
2021-09-10 16:44:09 - Build graph for k = 59 
2021-09-10 16:48:26 - Assemble contigs from SdBG for k = 59
2021-09-10 16:57:41 - Local assembly for k = 59
2021-09-10 17:27:20 - Extract iterative edges from k = 59 to 79 
2021-09-10 17:31:13 - Build graph for k = 79 
2021-09-10 17:34:20 - Assemble contigs from SdBG for k = 79
2021-09-10 17:47:11 - Local assembly for k = 79
2021-09-10 18:15:05 - Extract iterative edges from k = 79 to 99 
2021-09-10 18:18:55 - Build graph for k = 99 
2021-09-10 18:21:38 - Assemble contigs from SdBG for k = 99
2021-09-10 18:30:14 - Local assembly for k = 99
2021-09-10 18:56:12 - Extract iterative edges from k = 99 to 119 
2021-09-10 18:58:54 - Build graph for k = 119 
2021-09-10 19:01:18 - Assemble contigs from SdBG for k = 119
2021-09-10 19:09:30 - Local assembly for k = 119
2021-09-10 19:32:57 - Extract iterative edges from k = 119 to 141 
2021-09-10 19:33:46 - Build graph for k = 141 
2021-09-10 19:35:24 - Assemble contigs from SdBG for k = 141
slurmstepd: error: *** JOB 13610729 ON cdr1475 CANCELLED AT 2021-09-10T19:36:42 DUE TO TIME LIMIT ***
