
Lmod is automatically replacing "intel/2020.1.217" with "gcc/9.3.0".

2021-09-10 06:54:43 - MEGAHIT v1.2.9
2021-09-10 06:54:44 - Using megahit_core with POPCNT and BMI2 support
2021-09-10 06:54:44 - Convert reads to binary library
2021-09-10 06:56:18 - b'INFO  sequence/io/sequence_lib.cpp  :   75 - Lib 0 (/project/6003890/ssutclif/temp_storage/Third_Aim/1_QCReads/3_Decontaminated_DNA/Res2_DNA_F1_paired_decontaminated.fastq.1.gz,/project/6003890/ssutclif/temp_storage/Third_Aim/1_QCReads/3_Decontaminated_DNA/Res2_DNA_F1_paired_decontaminated.fastq.2.gz): pe, 67373694 reads, 126 max length'
2021-09-10 06:57:57 - b'INFO  sequence/io/sequence_lib.cpp  :   75 - Lib 1 (/project/6003890/ssutclif/temp_storage/Third_Aim/1_QCReads/3_Decontaminated_DNA/Res2_DNA_F2_paired_decontaminated.fastq.1.gz,/project/6003890/ssutclif/temp_storage/Third_Aim/1_QCReads/3_Decontaminated_DNA/Res2_DNA_F2_paired_decontaminated.fastq.2.gz): pe, 71214568 reads, 126 max length'
2021-09-10 07:00:03 - b'INFO  sequence/io/sequence_lib.cpp  :   75 - Lib 2 (/project/6003890/ssutclif/temp_storage/Third_Aim/1_QCReads/3_Decontaminated_DNA/Res2_DNA_F3_paired_decontaminated.fastq.1.gz,/project/6003890/ssutclif/temp_storage/Third_Aim/1_QCReads/3_Decontaminated_DNA/Res2_DNA_F3_paired_decontaminated.fastq.2.gz): pe, 90623444 reads, 126 max length'
2021-09-10 07:01:41 - b'INFO  sequence/io/sequence_lib.cpp  :   75 - Lib 3 (/project/6003890/ssutclif/temp_storage/Third_Aim/1_QCReads/3_Decontaminated_DNA/Res2_DNA_F4_paired_decontaminated.fastq.1.gz,/project/6003890/ssutclif/temp_storage/Third_Aim/1_QCReads/3_Decontaminated_DNA/Res2_DNA_F4_paired_decontaminated.fastq.2.gz): pe, 70130426 reads, 126 max length'
2021-09-10 07:03:26 - b'INFO  sequence/io/sequence_lib.cpp  :   75 - Lib 4 (/project/6003890/ssutclif/temp_storage/Third_Aim/1_QCReads/3_Decontaminated_DNA/Res2_DNA_F5_paired_decontaminated.fastq.1.gz,/project/6003890/ssutclif/temp_storage/Third_Aim/1_QCReads/3_Decontaminated_DNA/Res2_DNA_F5_paired_decontaminated.fastq.2.gz): pe, 75330458 reads, 126 max length'
2021-09-10 07:05:09 - b'INFO  sequence/io/sequence_lib.cpp  :   75 - Lib 5 (/project/6003890/ssutclif/temp_storage/Third_Aim/1_QCReads/3_Decontaminated_DNA/Res2_DNA_F6_paired_decontaminated.fastq.1.gz,/project/6003890/ssutclif/temp_storage/Third_Aim/1_QCReads/3_Decontaminated_DNA/Res2_DNA_F6_paired_decontaminated.fastq.2.gz): pe, 73307112 reads, 126 max length'
2021-09-10 07:05:09 - b'INFO  utils/utils.h                 :  152 - Real: 625.2767\tuser: 390.8578\tsys: 61.5370\tmaxrss: 271988'
2021-09-10 07:05:09 - k-max reset to: 141 
2021-09-10 07:05:09 - Start assembly. Number of CPU threads 12 
2021-09-10 07:05:09 - k list: 21,29,39,59,79,99,119,141 
2021-09-10 07:05:09 - Memory used: 181213570252
2021-09-10 07:05:09 - Extract solid (k+1)-mers for k = 21 
2021-09-10 07:36:47 - Build graph for k = 21 
2021-09-10 07:43:54 - Assemble contigs from SdBG for k = 21
2021-09-10 08:06:34 - Local assembly for k = 21
2021-09-10 08:25:02 - Extract iterative edges from k = 21 to 29 
2021-09-10 08:36:05 - Build graph for k = 29 
2021-09-10 08:42:59 - Assemble contigs from SdBG for k = 29
2021-09-10 08:55:18 - Local assembly for k = 29
2021-09-10 09:17:33 - Extract iterative edges from k = 29 to 39 
2021-09-10 09:23:03 - Build graph for k = 39 
2021-09-10 09:27:49 - Assemble contigs from SdBG for k = 39
2021-09-10 09:38:21 - Local assembly for k = 39
2021-09-10 10:09:09 - Extract iterative edges from k = 39 to 59 
2021-09-10 10:16:57 - Build graph for k = 59 
2021-09-10 10:21:09 - Assemble contigs from SdBG for k = 59
2021-09-10 10:29:59 - Local assembly for k = 59
2021-09-10 11:00:26 - Extract iterative edges from k = 59 to 79 
2021-09-10 11:03:40 - Build graph for k = 79 
2021-09-10 11:06:41 - Assemble contigs from SdBG for k = 79
2021-09-10 11:14:37 - Local assembly for k = 79
2021-09-10 11:42:20 - Extract iterative edges from k = 79 to 99 
2021-09-10 11:46:01 - Build graph for k = 99 
2021-09-10 11:48:26 - Assemble contigs from SdBG for k = 99
slurmstepd: error: *** JOB 13578834 ON cdr2034 CANCELLED AT 2021-09-10T11:54:59 DUE TO TIME LIMIT ***
