
Lmod is automatically replacing "intel/2020.1.217" with "gcc/9.3.0".

2021-09-10 06:54:46 - MEGAHIT v1.2.9
2021-09-10 06:54:47 - Using megahit_core with POPCNT and BMI2 support
2021-09-10 06:54:47 - Convert reads to binary library
2021-09-10 06:56:10 - b'INFO  sequence/io/sequence_lib.cpp  :   75 - Lib 0 (/project/6003890/ssutclif/temp_storage/Third_Aim/1_QCReads/3_Decontaminated_DNA/Res2_DNA_I1_paired_decontaminated.fastq.1.gz,/project/6003890/ssutclif/temp_storage/Third_Aim/1_QCReads/3_Decontaminated_DNA/Res2_DNA_I1_paired_decontaminated.fastq.2.gz): pe, 59786898 reads, 126 max length'
2021-09-10 06:58:56 - b'INFO  sequence/io/sequence_lib.cpp  :   75 - Lib 1 (/project/6003890/ssutclif/temp_storage/Third_Aim/1_QCReads/3_Decontaminated_DNA/Res2_DNA_I2_paired_decontaminated.fastq.1.gz,/project/6003890/ssutclif/temp_storage/Third_Aim/1_QCReads/3_Decontaminated_DNA/Res2_DNA_I2_paired_decontaminated.fastq.2.gz): pe, 117724204 reads, 126 max length'
2021-09-10 07:00:30 - b'INFO  sequence/io/sequence_lib.cpp  :   75 - Lib 2 (/project/6003890/ssutclif/temp_storage/Third_Aim/1_QCReads/3_Decontaminated_DNA/Res2_DNA_I3_paired_decontaminated.fastq.1.gz,/project/6003890/ssutclif/temp_storage/Third_Aim/1_QCReads/3_Decontaminated_DNA/Res2_DNA_I3_paired_decontaminated.fastq.2.gz): pe, 67216328 reads, 126 max length'
2021-09-10 07:02:03 - b'INFO  sequence/io/sequence_lib.cpp  :   75 - Lib 3 (/project/6003890/ssutclif/temp_storage/Third_Aim/1_QCReads/3_Decontaminated_DNA/Res2_DNA_I4_paired_decontaminated.fastq.1.gz,/project/6003890/ssutclif/temp_storage/Third_Aim/1_QCReads/3_Decontaminated_DNA/Res2_DNA_I4_paired_decontaminated.fastq.2.gz): pe, 65556544 reads, 126 max length'
2021-09-10 07:03:40 - b'INFO  sequence/io/sequence_lib.cpp  :   75 - Lib 4 (/project/6003890/ssutclif/temp_storage/Third_Aim/1_QCReads/3_Decontaminated_DNA/Res2_DNA_I5_paired_decontaminated.fastq.1.gz,/project/6003890/ssutclif/temp_storage/Third_Aim/1_QCReads/3_Decontaminated_DNA/Res2_DNA_I5_paired_decontaminated.fastq.2.gz): pe, 69125312 reads, 126 max length'
2021-09-10 07:05:07 - b'INFO  sequence/io/sequence_lib.cpp  :   75 - Lib 5 (/project/6003890/ssutclif/temp_storage/Third_Aim/1_QCReads/3_Decontaminated_DNA/Res2_DNA_I6_paired_decontaminated.fastq.1.gz,/project/6003890/ssutclif/temp_storage/Third_Aim/1_QCReads/3_Decontaminated_DNA/Res2_DNA_I6_paired_decontaminated.fastq.2.gz): pe, 62572082 reads, 126 max length'
2021-09-10 07:05:07 - b'INFO  utils/utils.h                 :  152 - Real: 620.6800\tuser: 385.9963\tsys: 61.6991\tmaxrss: 271984'
2021-09-10 07:05:07 - k-max reset to: 141 
2021-09-10 07:05:07 - Start assembly. Number of CPU threads 12 
2021-09-10 07:05:07 - k list: 21,29,39,59,79,99,119,141 
2021-09-10 07:05:07 - Memory used: 181213570252
2021-09-10 07:05:07 - Extract solid (k+1)-mers for k = 21 
2021-09-10 07:38:04 - Build graph for k = 21 
2021-09-10 07:45:02 - Assemble contigs from SdBG for k = 21
2021-09-10 08:02:40 - Local assembly for k = 21
2021-09-10 08:22:00 - Extract iterative edges from k = 21 to 29 
2021-09-10 08:32:56 - Build graph for k = 29 
2021-09-10 08:39:00 - Assemble contigs from SdBG for k = 29
2021-09-10 08:48:42 - Local assembly for k = 29
2021-09-10 09:06:59 - Extract iterative edges from k = 29 to 39 
2021-09-10 09:11:57 - Build graph for k = 39 
2021-09-10 09:15:42 - Assemble contigs from SdBG for k = 39
2021-09-10 09:24:06 - Local assembly for k = 39
2021-09-10 09:48:19 - Extract iterative edges from k = 39 to 59 
2021-09-10 09:53:31 - Build graph for k = 59 
2021-09-10 09:56:44 - Assemble contigs from SdBG for k = 59
2021-09-10 10:03:46 - Local assembly for k = 59
2021-09-10 10:27:25 - Extract iterative edges from k = 59 to 79 
2021-09-10 10:30:51 - Build graph for k = 79 
2021-09-10 10:33:15 - Assemble contigs from SdBG for k = 79
2021-09-10 10:39:47 - Local assembly for k = 79
2021-09-10 11:01:14 - Extract iterative edges from k = 79 to 99 
2021-09-10 11:04:19 - Build graph for k = 99 
2021-09-10 11:06:22 - Assemble contigs from SdBG for k = 99
2021-09-10 11:12:28 - Local assembly for k = 99
2021-09-10 11:32:11 - Extract iterative edges from k = 99 to 119 
2021-09-10 11:34:11 - Build graph for k = 119 
2021-09-10 11:35:57 - Assemble contigs from SdBG for k = 119
2021-09-10 11:41:06 - Local assembly for k = 119
slurmstepd: error: *** JOB 13578837 ON cdr2040 CANCELLED AT 2021-09-10T11:54:59 DUE TO TIME LIMIT ***
